{"/Users/faou/Projects/livodoc/api/src/bootstrap.js": {"path":"/Users/faou/Projects/livodoc/api/src/bootstrap.js","statementMap":{"0":{"start":{"line":1,"column":13},"end":{"line":1,"column":33}},"1":{"start":{"line":3,"column":52},"end":{"line":3,"column":56}},"2":{"start":{"line":6,"column":0},"end":{"line":16,"column":2}},"3":{"start":{"line":7,"column":2},"end":{"line":15,"column":5}},"4":{"start":{"line":10,"column":4},"end":{"line":14,"column":5}},"5":{"start":{"line":11,"column":6},"end":{"line":11,"column":16}},"6":{"start":{"line":13,"column":6},"end":{"line":13,"column":20}},"7":{"start":{"line":18,"column":0},"end":{"line":31,"column":3}},"8":{"start":{"line":18,"column":32},"end":{"line":31,"column":2}},"9":{"start":{"line":21,"column":2},"end":{"line":30,"column":3}},"10":{"start":{"line":22,"column":4},"end":{"line":22,"column":27}},"11":{"start":{"line":23,"column":4},"end":{"line":23,"column":24}},"12":{"start":{"line":24,"column":4},"end":{"line":26,"column":5}},"13":{"start":{"line":25,"column":6},"end":{"line":25,"column":28}},"14":{"start":{"line":27,"column":4},"end":{"line":27,"column":14}},"15":{"start":{"line":29,"column":4},"end":{"line":29,"column":18}}},"fnMap":{"0":{"name":"(anonymous_0)","decl":{"start":{"line":6,"column":26},"end":{"line":6,"column":27}},"loc":{"start":{"line":6,"column":35},"end":{"line":16,"column":1}},"line":6},"1":{"name":"(anonymous_1)","decl":{"start":{"line":7,"column":21},"end":{"line":7,"column":22}},"loc":{"start":{"line":7,"column":42},"end":{"line":15,"column":3}},"line":7},"2":{"name":"(anonymous_2)","decl":{"start":{"line":18,"column":25},"end":{"line":18,"column":26}},"loc":{"start":{"line":18,"column":32},"end":{"line":31,"column":2}},"line":18},"3":{"name":"(anonymous_3)","decl":{"start":{"line":18,"column":44},"end":{"line":18,"column":45}},"loc":{"start":{"line":18,"column":65},"end":{"line":31,"column":1}},"line":18}},"branchMap":{"0":{"loc":{"start":{"line":24,"column":4},"end":{"line":26,"column":5}},"type":"if","locations":[{"start":{"line":24,"column":4},"end":{"line":26,"column":5}},{"start":{"line":24,"column":4},"end":{"line":26,"column":5}}],"line":24}},"s":{"0":1,"1":1,"2":1,"3":1,"4":1,"5":1,"6":0,"7":1,"8":1,"9":1,"10":1,"11":1,"12":1,"13":0,"14":1,"15":0},"f":{"0":1,"1":1,"2":1,"3":1},"b":{"0":[0,1]},"_coverageSchema":"1a1c01bbd47fc00a2c39e90264f33305004495a9","hash":"addfbf1d97d94f1bb03150ff965b1225a5b14902"}
,"/Users/faou/Projects/livodoc/api/src/middlewares.js": {"path":"/Users/faou/Projects/livodoc/api/src/middlewares.js","statementMap":{"0":{"start":{"line":1,"column":15},"end":{"line":1,"column":32}},"1":{"start":{"line":2,"column":15},"end":{"line":2,"column":32}},"2":{"start":{"line":3,"column":21},"end":{"line":3,"column":50}},"3":{"start":{"line":4,"column":20},"end":{"line":4,"column":42}},"4":{"start":{"line":5,"column":13},"end":{"line":5,"column":33}},"5":{"start":{"line":7,"column":35},"end":{"line":7,"column":39}},"6":{"start":{"line":8,"column":20},"end":{"line":19,"column":1}},"7":{"start":{"line":12,"column":6},"end":{"line":12,"column":34}},"8":{"start":{"line":21,"column":0},"end":{"line":21,"column":29}}},"fnMap":{"0":{"name":"(anonymous_0)","decl":{"start":{"line":11,"column":4},"end":{"line":11,"column":5}},"loc":{"start":{"line":11,"column":19},"end":{"line":13,"column":5}},"line":11}},"branchMap":{},"s":{"0":1,"1":1,"2":1,"3":1,"4":1,"5":1,"6":1,"7":19,"8":1},"f":{"0":19},"b":{},"_coverageSchema":"1a1c01bbd47fc00a2c39e90264f33305004495a9","hash":"8d2f90da85923f9b71c8c217f85ce2c03e24cc78"}
,"/Users/faou/Projects/livodoc/api/src/server.js": {"path":"/Users/faou/Projects/livodoc/api/src/server.js","statementMap":{"0":{"start":{"line":1,"column":13},"end":{"line":1,"column":33}},"1":{"start":{"line":2,"column":10},"end":{"line":2,"column":26}},"2":{"start":{"line":3,"column":20},"end":{"line":3,"column":44}},"3":{"start":{"line":5,"column":30},"end":{"line":5,"column":52}},"4":{"start":{"line":6,"column":20},"end":{"line":6,"column":60}},"5":{"start":{"line":10,"column":4},"end":{"line":10,"column":8}},"6":{"start":{"line":12,"column":14},"end":{"line":12,"column":28}},"7":{"start":{"line":16,"column":13},"end":{"line":18,"column":9}},"8":{"start":{"line":20,"column":0},"end":{"line":20,"column":17}},"9":{"start":{"line":21,"column":0},"end":{"line":21,"column":40}},"10":{"start":{"line":24,"column":15},"end":{"line":29,"column":23}},"11":{"start":{"line":31,"column":0},"end":{"line":31,"column":15}},"12":{"start":{"line":34,"column":0},"end":{"line":34,"column":24}}},"fnMap":{},"branchMap":{"0":{"loc":{"start":{"line":16,"column":13},"end":{"line":18,"column":9}},"type":"binary-expr","locations":[{"start":{"line":16,"column":14},"end":{"line":16,"column":63}},{"start":{"line":17,"column":5},"end":{"line":17,"column":21}},{"start":{"line":18,"column":5},"end":{"line":18,"column":9}}],"line":16},"1":{"loc":{"start":{"line":16,"column":14},"end":{"line":16,"column":63}},"type":"cond-expr","locations":[{"start":{"line":16,"column":33},"end":{"line":16,"column":59}},{"start":{"line":16,"column":62},"end":{"line":16,"column":63}}],"line":16}},"s":{"0":1,"1":1,"2":1,"3":1,"4":1,"5":1,"6":1,"7":1,"8":1,"9":1,"10":1,"11":1,"12":1},"f":{},"b":{"0":[1,0,0],"1":[1,0]},"_coverageSchema":"1a1c01bbd47fc00a2c39e90264f33305004495a9","hash":"2de5bea0aff2563e297543b205d2f7156e165f8b"}
,"/Users/faou/Projects/livodoc/api/src/api/controllers/PageController.js": {"path":"/Users/faou/Projects/livodoc/api/src/api/controllers/PageController.js","statementMap":{"0":{"start":{"line":20,"column":14},"end":{"line":20,"column":52}},"1":{"start":{"line":31,"column":19},"end":{"line":31,"column":51}},"2":{"start":{"line":32,"column":15},"end":{"line":32,"column":21}},"3":{"start":{"line":39,"column":4},"end":{"line":39,"column":11}},"4":{"start":{"line":45,"column":4},"end":{"line":45,"column":11}},"5":{"start":{"line":52,"column":4},"end":{"line":52,"column":11}},"6":{"start":{"line":59,"column":4},"end":{"line":59,"column":11}},"7":{"start":{"line":74,"column":4},"end":{"line":74,"column":11}},"8":{"start":{"line":89,"column":4},"end":{"line":89,"column":11}},"9":{"start":{"line":96,"column":4},"end":{"line":96,"column":11}},"10":{"start":{"line":103,"column":4},"end":{"line":103,"column":11}},"11":{"start":{"line":110,"column":4},"end":{"line":110,"column":11}},"12":{"start":{"line":114,"column":0},"end":{"line":114,"column":38}}},"fnMap":{"0":{"name":"(anonymous_0)","decl":{"start":{"line":35,"column":2},"end":{"line":35,"column":3}},"loc":{"start":{"line":35,"column":33},"end":{"line":40,"column":3}},"line":35},"1":{"name":"(anonymous_1)","decl":{"start":{"line":42,"column":2},"end":{"line":42,"column":3}},"loc":{"start":{"line":42,"column":32},"end":{"line":46,"column":3}},"line":42},"2":{"name":"(anonymous_2)","decl":{"start":{"line":48,"column":2},"end":{"line":48,"column":3}},"loc":{"start":{"line":48,"column":31},"end":{"line":53,"column":3}},"line":48},"3":{"name":"(anonymous_3)","decl":{"start":{"line":55,"column":2},"end":{"line":55,"column":3}},"loc":{"start":{"line":55,"column":32},"end":{"line":60,"column":3}},"line":55},"4":{"name":"(anonymous_4)","decl":{"start":{"line":70,"column":2},"end":{"line":70,"column":3}},"loc":{"start":{"line":70,"column":31},"end":{"line":75,"column":3}},"line":70},"5":{"name":"(anonymous_5)","decl":{"start":{"line":85,"column":2},"end":{"line":85,"column":3}},"loc":{"start":{"line":85,"column":34},"end":{"line":90,"column":3}},"line":85},"6":{"name":"(anonymous_6)","decl":{"start":{"line":92,"column":2},"end":{"line":92,"column":3}},"loc":{"start":{"line":92,"column":34},"end":{"line":97,"column":3}},"line":92},"7":{"name":"(anonymous_7)","decl":{"start":{"line":99,"column":2},"end":{"line":99,"column":3}},"loc":{"start":{"line":99,"column":42},"end":{"line":104,"column":3}},"line":99},"8":{"name":"(anonymous_8)","decl":{"start":{"line":106,"column":2},"end":{"line":106,"column":3}},"loc":{"start":{"line":106,"column":34},"end":{"line":111,"column":3}},"line":106}},"branchMap":{},"s":{"0":1,"1":1,"2":1,"3":0,"4":0,"5":0,"6":0,"7":0,"8":0,"9":0,"10":0,"11":0,"12":1},"f":{"0":0,"1":0,"2":0,"3":0,"4":0,"5":0,"6":0,"7":0,"8":0},"b":{},"_coverageSchema":"1a1c01bbd47fc00a2c39e90264f33305004495a9","hash":"5d190846b38088929d90ac85b6311d79a32755df"}
,"/Users/faou/Projects/livodoc/api/src/api/controllers/core/AppController.js": {"path":"/Users/faou/Projects/livodoc/api/src/api/controllers/core/AppController.js","statementMap":{"0":{"start":{"line":7,"column":13},"end":{"line":7,"column":28}},"1":{"start":{"line":8,"column":13},"end":{"line":8,"column":31}},"2":{"start":{"line":9,"column":21},"end":{"line":9,"column":45}},"3":{"start":{"line":10,"column":23},"end":{"line":10,"column":73}},"4":{"start":{"line":12,"column":20},"end":{"line":12,"column":53}},"5":{"start":{"line":13,"column":0},"end":{"line":13,"column":43}},"6":{"start":{"line":22,"column":4},"end":{"line":24,"column":7}},"7":{"start":{"line":28,"column":4},"end":{"line":30,"column":7}},"8":{"start":{"line":40,"column":4},"end":{"line":40,"column":20}},"9":{"start":{"line":44,"column":4},"end":{"line":44,"column":43}},"10":{"start":{"line":55,"column":4},"end":{"line":55,"column":54}},"11":{"start":{"line":56,"column":4},"end":{"line":56,"column":26}},"12":{"start":{"line":67,"column":4},"end":{"line":67,"column":48}},"13":{"start":{"line":68,"column":4},"end":{"line":68,"column":37}},"14":{"start":{"line":72,"column":4},"end":{"line":80,"column":5}},"15":{"start":{"line":73,"column":6},"end":{"line":73,"column":76}},"16":{"start":{"line":75,"column":6},"end":{"line":75,"column":23}},"17":{"start":{"line":76,"column":6},"end":{"line":79,"column":9}},"18":{"start":{"line":84,"column":0},"end":{"line":84,"column":37}}},"fnMap":{"0":{"name":"(anonymous_0)","decl":{"start":{"line":21,"column":2},"end":{"line":21,"column":3}},"loc":{"start":{"line":21,"column":19},"end":{"line":25,"column":3}},"line":21},"1":{"name":"(anonymous_1)","decl":{"start":{"line":27,"column":2},"end":{"line":27,"column":3}},"loc":{"start":{"line":27,"column":23},"end":{"line":31,"column":3}},"line":27},"2":{"name":"(anonymous_2)","decl":{"start":{"line":39,"column":2},"end":{"line":39,"column":3}},"loc":{"start":{"line":39,"column":15},"end":{"line":41,"column":3}},"line":39},"3":{"name":"(anonymous_3)","decl":{"start":{"line":43,"column":2},"end":{"line":43,"column":3}},"loc":{"start":{"line":43,"column":18},"end":{"line":45,"column":3}},"line":43},"4":{"name":"(anonymous_4)","decl":{"start":{"line":54,"column":2},"end":{"line":54,"column":3}},"loc":{"start":{"line":54,"column":24},"end":{"line":57,"column":3}},"line":54},"5":{"name":"(anonymous_5)","decl":{"start":{"line":66,"column":2},"end":{"line":66,"column":3}},"loc":{"start":{"line":66,"column":23},"end":{"line":69,"column":3}},"line":66},"6":{"name":"(anonymous_6)","decl":{"start":{"line":71,"column":2},"end":{"line":71,"column":3}},"loc":{"start":{"line":71,"column":16},"end":{"line":81,"column":3}},"line":71}},"branchMap":{},"s":{"0":1,"1":1,"2":1,"3":1,"4":1,"5":1,"6":0,"7":0,"8":0,"9":0,"10":0,"11":0,"12":0,"13":0,"14":0,"15":0,"16":0,"17":0,"18":1},"f":{"0":0,"1":0,"2":0,"3":0,"4":0,"5":0,"6":0},"b":{},"_coverageSchema":"1a1c01bbd47fc00a2c39e90264f33305004495a9","hash":"f4acbbe7335015ae0928a8e1c00a25be65eaf8de"}
,"/Users/faou/Projects/livodoc/api/src/api/controllers/core/AuthController.js": {"path":"/Users/faou/Projects/livodoc/api/src/api/controllers/core/AuthController.js","statementMap":{"0":{"start":{"line":11,"column":15},"end":{"line":11,"column":32}},"1":{"start":{"line":12,"column":10},"end":{"line":12,"column":27}},"2":{"start":{"line":13,"column":13},"end":{"line":13,"column":33}},"3":{"start":{"line":15,"column":39},"end":{"line":15,"column":43}},"4":{"start":{"line":16,"column":14},"end":{"line":16,"column":55}},"5":{"start":{"line":17,"column":20},"end":{"line":17,"column":67}},"6":{"start":{"line":19,"column":26},"end":{"line":19,"column":69}},"7":{"start":{"line":20,"column":28},"end":{"line":20,"column":73}},"8":{"start":{"line":22,"column":19},"end":{"line":22,"column":51}},"9":{"start":{"line":26,"column":0},"end":{"line":557,"column":2}},"10":{"start":{"line":41,"column":4},"end":{"line":47,"column":5}},"11":{"start":{"line":42,"column":6},"end":{"line":45,"column":9}},"12":{"start":{"line":46,"column":6},"end":{"line":46,"column":13}},"13":{"start":{"line":49,"column":4},"end":{"line":81,"column":9}},"14":{"start":{"line":56,"column":8},"end":{"line":72,"column":9}},"15":{"start":{"line":59,"column":10},"end":{"line":61,"column":11}},"16":{"start":{"line":60,"column":12},"end":{"line":60,"column":34}},"17":{"start":{"line":62,"column":10},"end":{"line":62,"column":27}},"18":{"start":{"line":63,"column":10},"end":{"line":67,"column":13}},"19":{"start":{"line":69,"column":10},"end":{"line":71,"column":13}},"20":{"start":{"line":73,"column":8},"end":{"line":76,"column":11}},"21":{"start":{"line":79,"column":8},"end":{"line":79,"column":30}},"22":{"start":{"line":80,"column":8},"end":{"line":80,"column":38}},"23":{"start":{"line":99,"column":18},"end":{"line":99,"column":36}},"24":{"start":{"line":100,"column":18},"end":{"line":100,"column":36}},"25":{"start":{"line":102,"column":4},"end":{"line":107,"column":5}},"26":{"start":{"line":103,"column":6},"end":{"line":106,"column":9}},"27":{"start":{"line":109,"column":4},"end":{"line":114,"column":5}},"28":{"start":{"line":110,"column":6},"end":{"line":113,"column":9}},"29":{"start":{"line":116,"column":4},"end":{"line":153,"column":9}},"30":{"start":{"line":121,"column":8},"end":{"line":127,"column":9}},"31":{"start":{"line":122,"column":10},"end":{"line":126,"column":13}},"32":{"start":{"line":129,"column":8},"end":{"line":135,"column":9}},"33":{"start":{"line":130,"column":10},"end":{"line":134,"column":13}},"34":{"start":{"line":137,"column":8},"end":{"line":147,"column":10}},"35":{"start":{"line":149,"column":18},"end":{"line":149,"column":65}},"36":{"start":{"line":151,"column":8},"end":{"line":151,"column":30}},"37":{"start":{"line":152,"column":8},"end":{"line":152,"column":38}},"38":{"start":{"line":180,"column":18},"end":{"line":180,"column":51}},"39":{"start":{"line":182,"column":4},"end":{"line":188,"column":5}},"40":{"start":{"line":183,"column":6},"end":{"line":187,"column":9}},"41":{"start":{"line":190,"column":4},"end":{"line":237,"column":9}},"42":{"start":{"line":195,"column":8},"end":{"line":195,"column":17}},"43":{"start":{"line":196,"column":8},"end":{"line":202,"column":9}},"44":{"start":{"line":197,"column":10},"end":{"line":201,"column":13}},"45":{"start":{"line":204,"column":19},"end":{"line":204,"column":84}},"46":{"start":{"line":205,"column":8},"end":{"line":205,"column":39}},"47":{"start":{"line":206,"column":8},"end":{"line":206,"column":40}},"48":{"start":{"line":207,"column":8},"end":{"line":207,"column":39}},"49":{"start":{"line":209,"column":8},"end":{"line":209,"column":51}},"50":{"start":{"line":210,"column":8},"end":{"line":220,"column":10}},"51":{"start":{"line":223,"column":8},"end":{"line":228,"column":9}},"52":{"start":{"line":224,"column":10},"end":{"line":227,"column":13}},"53":{"start":{"line":229,"column":8},"end":{"line":231,"column":11}},"54":{"start":{"line":232,"column":8},"end":{"line":232,"column":40}},"55":{"start":{"line":235,"column":8},"end":{"line":235,"column":30}},"56":{"start":{"line":236,"column":8},"end":{"line":236,"column":38}},"57":{"start":{"line":273,"column":18},"end":{"line":273,"column":32}},"58":{"start":{"line":274,"column":21},"end":{"line":274,"column":38}},"59":{"start":{"line":276,"column":25},"end":{"line":276,"column":61}},"60":{"start":{"line":278,"column":4},"end":{"line":283,"column":5}},"61":{"start":{"line":279,"column":6},"end":{"line":282,"column":9}},"62":{"start":{"line":285,"column":4},"end":{"line":359,"column":9}},"63":{"start":{"line":292,"column":8},"end":{"line":292,"column":17}},"64":{"start":{"line":293,"column":8},"end":{"line":295,"column":9}},"65":{"start":{"line":294,"column":10},"end":{"line":294,"column":49}},"66":{"start":{"line":297,"column":8},"end":{"line":297,"column":59}},"67":{"start":{"line":300,"column":8},"end":{"line":302,"column":9}},"68":{"start":{"line":301,"column":10},"end":{"line":301,"column":55}},"69":{"start":{"line":304,"column":8},"end":{"line":306,"column":9}},"70":{"start":{"line":305,"column":10},"end":{"line":305,"column":52}},"71":{"start":{"line":308,"column":8},"end":{"line":310,"column":9}},"72":{"start":{"line":309,"column":10},"end":{"line":309,"column":32}},"73":{"start":{"line":312,"column":8},"end":{"line":318,"column":9}},"74":{"start":{"line":313,"column":10},"end":{"line":317,"column":11}},"75":{"start":{"line":314,"column":12},"end":{"line":314,"column":48}},"76":{"start":{"line":316,"column":12},"end":{"line":316,"column":34}},"77":{"start":{"line":320,"column":8},"end":{"line":320,"column":46}},"78":{"start":{"line":321,"column":8},"end":{"line":324,"column":9}},"79":{"start":{"line":322,"column":10},"end":{"line":322,"column":26}},"80":{"start":{"line":323,"column":10},"end":{"line":323,"column":26}},"81":{"start":{"line":326,"column":8},"end":{"line":326,"column":25}},"82":{"start":{"line":327,"column":8},"end":{"line":327,"column":25}},"83":{"start":{"line":328,"column":8},"end":{"line":328,"column":42}},"84":{"start":{"line":330,"column":28},"end":{"line":330,"column":45}},"85":{"start":{"line":332,"column":8},"end":{"line":336,"column":11}},"86":{"start":{"line":340,"column":8},"end":{"line":342,"column":9}},"87":{"start":{"line":341,"column":10},"end":{"line":341,"column":52}},"88":{"start":{"line":344,"column":18},"end":{"line":347,"column":8}},"89":{"start":{"line":349,"column":8},"end":{"line":354,"column":9}},"90":{"start":{"line":350,"column":10},"end":{"line":353,"column":13}},"91":{"start":{"line":356,"column":8},"end":{"line":356,"column":36}},"92":{"start":{"line":358,"column":8},"end":{"line":358,"column":44}},"93":{"start":{"line":363,"column":24},"end":{"line":363,"column":39}},"94":{"start":{"line":364,"column":16},"end":{"line":364,"column":18}},"95":{"start":{"line":368,"column":25},"end":{"line":368,"column":30}},"96":{"start":{"line":370,"column":4},"end":{"line":449,"column":9}},"97":{"start":{"line":372,"column":8},"end":{"line":374,"column":9}},"98":{"start":{"line":373,"column":10},"end":{"line":373,"column":54}},"99":{"start":{"line":376,"column":8},"end":{"line":376,"column":30}},"100":{"start":{"line":378,"column":8},"end":{"line":385,"column":10}},"101":{"start":{"line":387,"column":8},"end":{"line":391,"column":11}},"102":{"start":{"line":394,"column":8},"end":{"line":399,"column":9}},"103":{"start":{"line":395,"column":10},"end":{"line":395,"column":32}},"104":{"start":{"line":396,"column":10},"end":{"line":398,"column":13}},"105":{"start":{"line":401,"column":18},"end":{"line":405,"column":8}},"106":{"start":{"line":407,"column":8},"end":{"line":435,"column":9}},"107":{"start":{"line":408,"column":10},"end":{"line":408,"column":24}},"108":{"start":{"line":410,"column":10},"end":{"line":416,"column":11}},"109":{"start":{"line":411,"column":12},"end":{"line":415,"column":13}},"110":{"start":{"line":412,"column":14},"end":{"line":412,"column":50}},"111":{"start":{"line":414,"column":14},"end":{"line":414,"column":34}},"112":{"start":{"line":419,"column":10},"end":{"line":419,"column":48}},"113":{"start":{"line":421,"column":10},"end":{"line":424,"column":11}},"114":{"start":{"line":422,"column":12},"end":{"line":422,"column":28}},"115":{"start":{"line":423,"column":12},"end":{"line":423,"column":28}},"116":{"start":{"line":426,"column":10},"end":{"line":426,"column":27}},"117":{"start":{"line":427,"column":10},"end":{"line":427,"column":27}},"118":{"start":{"line":428,"column":10},"end":{"line":428,"column":44}},"119":{"start":{"line":430,"column":10},"end":{"line":434,"column":13}},"120":{"start":{"line":437,"column":8},"end":{"line":437,"column":44}},"121":{"start":{"line":441,"column":8},"end":{"line":444,"column":11}},"122":{"start":{"line":447,"column":8},"end":{"line":447,"column":65}},"123":{"start":{"line":448,"column":8},"end":{"line":448,"column":38}},"124":{"start":{"line":454,"column":26},"end":{"line":454,"column":41}},"125":{"start":{"line":455,"column":16},"end":{"line":455,"column":18}},"126":{"start":{"line":459,"column":25},"end":{"line":459,"column":30}},"127":{"start":{"line":461,"column":4},"end":{"line":555,"column":9}},"128":{"start":{"line":463,"column":8},"end":{"line":463,"column":34}},"129":{"start":{"line":465,"column":8},"end":{"line":465,"column":38}},"130":{"start":{"line":467,"column":8},"end":{"line":469,"column":9}},"131":{"start":{"line":468,"column":10},"end":{"line":468,"column":55}},"132":{"start":{"line":471,"column":27},"end":{"line":471,"column":53}},"133":{"start":{"line":473,"column":8},"end":{"line":475,"column":9}},"134":{"start":{"line":474,"column":10},"end":{"line":474,"column":59}},"135":{"start":{"line":477,"column":8},"end":{"line":484,"column":10}},"136":{"start":{"line":486,"column":8},"end":{"line":490,"column":11}},"137":{"start":{"line":494,"column":8},"end":{"line":505,"column":9}},"138":{"start":{"line":495,"column":10},"end":{"line":495,"column":32}},"139":{"start":{"line":497,"column":10},"end":{"line":499,"column":13}},"140":{"start":{"line":500,"column":10},"end":{"line":504,"column":13}},"141":{"start":{"line":506,"column":8},"end":{"line":506,"column":17}},"142":{"start":{"line":509,"column":8},"end":{"line":541,"column":9}},"143":{"start":{"line":510,"column":10},"end":{"line":510,"column":24}},"144":{"start":{"line":512,"column":10},"end":{"line":518,"column":11}},"145":{"start":{"line":513,"column":12},"end":{"line":517,"column":13}},"146":{"start":{"line":514,"column":14},"end":{"line":514,"column":50}},"147":{"start":{"line":516,"column":14},"end":{"line":516,"column":34}},"148":{"start":{"line":521,"column":10},"end":{"line":521,"column":48}},"149":{"start":{"line":523,"column":10},"end":{"line":525,"column":11}},"150":{"start":{"line":524,"column":12},"end":{"line":524,"column":40}},"151":{"start":{"line":527,"column":10},"end":{"line":530,"column":11}},"152":{"start":{"line":528,"column":12},"end":{"line":528,"column":28}},"153":{"start":{"line":529,"column":12},"end":{"line":529,"column":28}},"154":{"start":{"line":532,"column":10},"end":{"line":532,"column":27}},"155":{"start":{"line":533,"column":10},"end":{"line":533,"column":27}},"156":{"start":{"line":534,"column":10},"end":{"line":534,"column":44}},"157":{"start":{"line":536,"column":10},"end":{"line":540,"column":13}},"158":{"start":{"line":543,"column":8},"end":{"line":543,"column":44}},"159":{"start":{"line":547,"column":8},"end":{"line":550,"column":11}},"160":{"start":{"line":553,"column":8},"end":{"line":553,"column":65}},"161":{"start":{"line":554,"column":8},"end":{"line":554,"column":38}}},"fnMap":{"0":{"name":"(anonymous_0)","decl":{"start":{"line":40,"column":2},"end":{"line":40,"column":3}},"loc":{"start":{"line":40,"column":16},"end":{"line":82,"column":3}},"line":40},"1":{"name":"(anonymous_1)","decl":{"start":{"line":55,"column":12},"end":{"line":55,"column":13}},"loc":{"start":{"line":55,"column":22},"end":{"line":77,"column":7}},"line":55},"2":{"name":"(anonymous_2)","decl":{"start":{"line":78,"column":13},"end":{"line":78,"column":14}},"loc":{"start":{"line":78,"column":22},"end":{"line":81,"column":7}},"line":78},"3":{"name":"(anonymous_3)","decl":{"start":{"line":98,"column":2},"end":{"line":98,"column":3}},"loc":{"start":{"line":98,"column":36},"end":{"line":154,"column":3}},"line":98},"4":{"name":"(anonymous_4)","decl":{"start":{"line":120,"column":12},"end":{"line":120,"column":13}},"loc":{"start":{"line":120,"column":19},"end":{"line":148,"column":7}},"line":120},"5":{"name":"(anonymous_5)","decl":{"start":{"line":149,"column":12},"end":{"line":149,"column":13}},"loc":{"start":{"line":149,"column":18},"end":{"line":149,"column":65}},"line":149},"6":{"name":"(anonymous_6)","decl":{"start":{"line":150,"column":13},"end":{"line":150,"column":14}},"loc":{"start":{"line":150,"column":22},"end":{"line":153,"column":7}},"line":150},"7":{"name":"(anonymous_7)","decl":{"start":{"line":179,"column":2},"end":{"line":179,"column":3}},"loc":{"start":{"line":179,"column":19},"end":{"line":238,"column":3}},"line":179},"8":{"name":"(anonymous_8)","decl":{"start":{"line":194,"column":12},"end":{"line":194,"column":13}},"loc":{"start":{"line":194,"column":19},"end":{"line":221,"column":7}},"line":194},"9":{"name":"(anonymous_9)","decl":{"start":{"line":222,"column":12},"end":{"line":222,"column":13}},"loc":{"start":{"line":222,"column":25},"end":{"line":233,"column":7}},"line":222},"10":{"name":"(anonymous_10)","decl":{"start":{"line":234,"column":13},"end":{"line":234,"column":14}},"loc":{"start":{"line":234,"column":22},"end":{"line":237,"column":7}},"line":234},"11":{"name":"(anonymous_11)","decl":{"start":{"line":272,"column":2},"end":{"line":272,"column":3}},"loc":{"start":{"line":272,"column":18},"end":{"line":360,"column":3}},"line":272},"12":{"name":"(anonymous_12)","decl":{"start":{"line":291,"column":12},"end":{"line":291,"column":13}},"loc":{"start":{"line":291,"column":19},"end":{"line":298,"column":7}},"line":291},"13":{"name":"(anonymous_13)","decl":{"start":{"line":299,"column":12},"end":{"line":299,"column":13}},"loc":{"start":{"line":299,"column":23},"end":{"line":337,"column":7}},"line":299},"14":{"name":"(anonymous_14)","decl":{"start":{"line":339,"column":12},"end":{"line":339,"column":13}},"loc":{"start":{"line":339,"column":23},"end":{"line":343,"column":7}},"line":339},"15":{"name":"(anonymous_15)","decl":{"start":{"line":344,"column":12},"end":{"line":344,"column":13}},"loc":{"start":{"line":344,"column":18},"end":{"line":347,"column":8}},"line":344},"16":{"name":"(anonymous_16)","decl":{"start":{"line":348,"column":13},"end":{"line":348,"column":14}},"loc":{"start":{"line":348,"column":28},"end":{"line":359,"column":7}},"line":348},"17":{"name":"(anonymous_17)","decl":{"start":{"line":362,"column":2},"end":{"line":362,"column":3}},"loc":{"start":{"line":362,"column":33},"end":{"line":450,"column":3}},"line":362},"18":{"name":"(anonymous_18)","decl":{"start":{"line":371,"column":12},"end":{"line":371,"column":13}},"loc":{"start":{"line":371,"column":25},"end":{"line":392,"column":7}},"line":371},"19":{"name":"(anonymous_19)","decl":{"start":{"line":393,"column":12},"end":{"line":393,"column":13}},"loc":{"start":{"line":393,"column":19},"end":{"line":400,"column":7}},"line":393},"20":{"name":"(anonymous_20)","decl":{"start":{"line":401,"column":12},"end":{"line":401,"column":13}},"loc":{"start":{"line":401,"column":18},"end":{"line":405,"column":8}},"line":401},"21":{"name":"(anonymous_21)","decl":{"start":{"line":406,"column":12},"end":{"line":406,"column":13}},"loc":{"start":{"line":406,"column":24},"end":{"line":438,"column":7}},"line":406},"22":{"name":"(anonymous_22)","decl":{"start":{"line":440,"column":12},"end":{"line":440,"column":13}},"loc":{"start":{"line":440,"column":18},"end":{"line":445,"column":7}},"line":440},"23":{"name":"(anonymous_23)","decl":{"start":{"line":446,"column":13},"end":{"line":446,"column":14}},"loc":{"start":{"line":446,"column":22},"end":{"line":449,"column":7}},"line":446},"24":{"name":"(anonymous_24)","decl":{"start":{"line":452,"column":2},"end":{"line":452,"column":3}},"loc":{"start":{"line":452,"column":35},"end":{"line":556,"column":3}},"line":452},"25":{"name":"(anonymous_25)","decl":{"start":{"line":462,"column":12},"end":{"line":462,"column":13}},"loc":{"start":{"line":462,"column":25},"end":{"line":491,"column":7}},"line":462},"26":{"name":"(anonymous_26)","decl":{"start":{"line":493,"column":12},"end":{"line":493,"column":13}},"loc":{"start":{"line":493,"column":25},"end":{"line":507,"column":7}},"line":493},"27":{"name":"(anonymous_27)","decl":{"start":{"line":508,"column":12},"end":{"line":508,"column":13}},"loc":{"start":{"line":508,"column":24},"end":{"line":544,"column":7}},"line":508},"28":{"name":"(anonymous_28)","decl":{"start":{"line":546,"column":12},"end":{"line":546,"column":13}},"loc":{"start":{"line":546,"column":18},"end":{"line":551,"column":7}},"line":546},"29":{"name":"(anonymous_29)","decl":{"start":{"line":552,"column":13},"end":{"line":552,"column":14}},"loc":{"start":{"line":552,"column":22},"end":{"line":555,"column":7}},"line":552}},"branchMap":{"0":{"loc":{"start":{"line":41,"column":4},"end":{"line":47,"column":5}},"type":"if","locations":[{"start":{"line":41,"column":4},"end":{"line":47,"column":5}},{"start":{"line":41,"column":4},"end":{"line":47,"column":5}}],"line":41},"1":{"loc":{"start":{"line":41,"column":8},"end":{"line":41,"column":42}},"type":"binary-expr","locations":[{"start":{"line":41,"column":8},"end":{"line":41,"column":17}},{"start":{"line":41,"column":21},"end":{"line":41,"column":42}}],"line":41},"2":{"loc":{"start":{"line":56,"column":8},"end":{"line":72,"column":9}},"type":"if","locations":[{"start":{"line":56,"column":8},"end":{"line":72,"column":9}},{"start":{"line":56,"column":8},"end":{"line":72,"column":9}}],"line":56},"3":{"loc":{"start":{"line":59,"column":10},"end":{"line":61,"column":11}},"type":"if","locations":[{"start":{"line":59,"column":10},"end":{"line":61,"column":11}},{"start":{"line":59,"column":10},"end":{"line":61,"column":11}}],"line":59},"4":{"loc":{"start":{"line":59,"column":14},"end":{"line":59,"column":59}},"type":"binary-expr","locations":[{"start":{"line":59,"column":14},"end":{"line":59,"column":25}},{"start":{"line":59,"column":29},"end":{"line":59,"column":59}}],"line":59},"5":{"loc":{"start":{"line":102,"column":4},"end":{"line":107,"column":5}},"type":"if","locations":[{"start":{"line":102,"column":4},"end":{"line":107,"column":5}},{"start":{"line":102,"column":4},"end":{"line":107,"column":5}}],"line":102},"6":{"loc":{"start":{"line":109,"column":4},"end":{"line":114,"column":5}},"type":"if","locations":[{"start":{"line":109,"column":4},"end":{"line":114,"column":5}},{"start":{"line":109,"column":4},"end":{"line":114,"column":5}}],"line":109},"7":{"loc":{"start":{"line":121,"column":8},"end":{"line":127,"column":9}},"type":"if","locations":[{"start":{"line":121,"column":8},"end":{"line":127,"column":9}},{"start":{"line":121,"column":8},"end":{"line":127,"column":9}}],"line":121},"8":{"loc":{"start":{"line":129,"column":8},"end":{"line":135,"column":9}},"type":"if","locations":[{"start":{"line":129,"column":8},"end":{"line":135,"column":9}},{"start":{"line":129,"column":8},"end":{"line":135,"column":9}}],"line":129},"9":{"loc":{"start":{"line":180,"column":18},"end":{"line":180,"column":51}},"type":"binary-expr","locations":[{"start":{"line":180,"column":18},"end":{"line":180,"column":32}},{"start":{"line":180,"column":36},"end":{"line":180,"column":51}}],"line":180},"10":{"loc":{"start":{"line":182,"column":4},"end":{"line":188,"column":5}},"type":"if","locations":[{"start":{"line":182,"column":4},"end":{"line":188,"column":5}},{"start":{"line":182,"column":4},"end":{"line":188,"column":5}}],"line":182},"11":{"loc":{"start":{"line":196,"column":8},"end":{"line":202,"column":9}},"type":"if","locations":[{"start":{"line":196,"column":8},"end":{"line":202,"column":9}},{"start":{"line":196,"column":8},"end":{"line":202,"column":9}}],"line":196},"12":{"loc":{"start":{"line":223,"column":8},"end":{"line":228,"column":9}},"type":"if","locations":[{"start":{"line":223,"column":8},"end":{"line":228,"column":9}},{"start":{"line":223,"column":8},"end":{"line":228,"column":9}}],"line":223},"13":{"loc":{"start":{"line":278,"column":4},"end":{"line":283,"column":5}},"type":"if","locations":[{"start":{"line":278,"column":4},"end":{"line":283,"column":5}},{"start":{"line":278,"column":4},"end":{"line":283,"column":5}}],"line":278},"14":{"loc":{"start":{"line":278,"column":8},"end":{"line":278,"column":27}},"type":"binary-expr","locations":[{"start":{"line":278,"column":8},"end":{"line":278,"column":14}},{"start":{"line":278,"column":18},"end":{"line":278,"column":27}}],"line":278},"15":{"loc":{"start":{"line":293,"column":8},"end":{"line":295,"column":9}},"type":"if","locations":[{"start":{"line":293,"column":8},"end":{"line":295,"column":9}},{"start":{"line":293,"column":8},"end":{"line":295,"column":9}}],"line":293},"16":{"loc":{"start":{"line":300,"column":8},"end":{"line":302,"column":9}},"type":"if","locations":[{"start":{"line":300,"column":8},"end":{"line":302,"column":9}},{"start":{"line":300,"column":8},"end":{"line":302,"column":9}}],"line":300},"17":{"loc":{"start":{"line":304,"column":8},"end":{"line":306,"column":9}},"type":"if","locations":[{"start":{"line":304,"column":8},"end":{"line":306,"column":9}},{"start":{"line":304,"column":8},"end":{"line":306,"column":9}}],"line":304},"18":{"loc":{"start":{"line":304,"column":12},"end":{"line":304,"column":46}},"type":"binary-expr","locations":[{"start":{"line":304,"column":12},"end":{"line":304,"column":26}},{"start":{"line":304,"column":30},"end":{"line":304,"column":46}}],"line":304},"19":{"loc":{"start":{"line":308,"column":8},"end":{"line":310,"column":9}},"type":"if","locations":[{"start":{"line":308,"column":8},"end":{"line":310,"column":9}},{"start":{"line":308,"column":8},"end":{"line":310,"column":9}}],"line":308},"20":{"loc":{"start":{"line":312,"column":8},"end":{"line":318,"column":9}},"type":"if","locations":[{"start":{"line":312,"column":8},"end":{"line":318,"column":9}},{"start":{"line":312,"column":8},"end":{"line":318,"column":9}}],"line":312},"21":{"loc":{"start":{"line":321,"column":8},"end":{"line":324,"column":9}},"type":"if","locations":[{"start":{"line":321,"column":8},"end":{"line":324,"column":9}},{"start":{"line":321,"column":8},"end":{"line":324,"column":9}}],"line":321},"22":{"loc":{"start":{"line":340,"column":8},"end":{"line":342,"column":9}},"type":"if","locations":[{"start":{"line":340,"column":8},"end":{"line":342,"column":9}},{"start":{"line":340,"column":8},"end":{"line":342,"column":9}}],"line":340},"23":{"loc":{"start":{"line":349,"column":8},"end":{"line":354,"column":9}},"type":"if","locations":[{"start":{"line":349,"column":8},"end":{"line":354,"column":9}},{"start":{"line":349,"column":8},"end":{"line":354,"column":9}}],"line":349},"24":{"loc":{"start":{"line":372,"column":8},"end":{"line":374,"column":9}},"type":"if","locations":[{"start":{"line":372,"column":8},"end":{"line":374,"column":9}},{"start":{"line":372,"column":8},"end":{"line":374,"column":9}}],"line":372},"25":{"loc":{"start":{"line":394,"column":8},"end":{"line":399,"column":9}},"type":"if","locations":[{"start":{"line":394,"column":8},"end":{"line":399,"column":9}},{"start":{"line":394,"column":8},"end":{"line":399,"column":9}}],"line":394},"26":{"loc":{"start":{"line":407,"column":8},"end":{"line":435,"column":9}},"type":"if","locations":[{"start":{"line":407,"column":8},"end":{"line":435,"column":9}},{"start":{"line":407,"column":8},"end":{"line":435,"column":9}}],"line":407},"27":{"loc":{"start":{"line":410,"column":10},"end":{"line":416,"column":11}},"type":"if","locations":[{"start":{"line":410,"column":10},"end":{"line":416,"column":11}},{"start":{"line":410,"column":10},"end":{"line":416,"column":11}}],"line":410},"28":{"loc":{"start":{"line":410,"column":14},"end":{"line":410,"column":58}},"type":"binary-expr","locations":[{"start":{"line":410,"column":14},"end":{"line":410,"column":24}},{"start":{"line":410,"column":28},"end":{"line":410,"column":58}}],"line":410},"29":{"loc":{"start":{"line":421,"column":10},"end":{"line":424,"column":11}},"type":"if","locations":[{"start":{"line":421,"column":10},"end":{"line":424,"column":11}},{"start":{"line":421,"column":10},"end":{"line":424,"column":11}}],"line":421},"30":{"loc":{"start":{"line":447,"column":25},"end":{"line":447,"column":63}},"type":"cond-expr","locations":[{"start":{"line":447,"column":46},"end":{"line":447,"column":57}},{"start":{"line":447,"column":60},"end":{"line":447,"column":63}}],"line":447},"31":{"loc":{"start":{"line":447,"column":25},"end":{"line":447,"column":43}},"type":"binary-expr","locations":[{"start":{"line":447,"column":25},"end":{"line":447,"column":28}},{"start":{"line":447,"column":32},"end":{"line":447,"column":43}}],"line":447},"32":{"loc":{"start":{"line":467,"column":8},"end":{"line":469,"column":9}},"type":"if","locations":[{"start":{"line":467,"column":8},"end":{"line":469,"column":9}},{"start":{"line":467,"column":8},"end":{"line":469,"column":9}}],"line":467},"33":{"loc":{"start":{"line":473,"column":8},"end":{"line":475,"column":9}},"type":"if","locations":[{"start":{"line":473,"column":8},"end":{"line":475,"column":9}},{"start":{"line":473,"column":8},"end":{"line":475,"column":9}}],"line":473},"34":{"loc":{"start":{"line":473,"column":12},"end":{"line":473,"column":33}},"type":"binary-expr","locations":[{"start":{"line":473,"column":12},"end":{"line":473,"column":23}},{"start":{"line":473,"column":27},"end":{"line":473,"column":33}}],"line":473},"35":{"loc":{"start":{"line":494,"column":8},"end":{"line":505,"column":9}},"type":"if","locations":[{"start":{"line":494,"column":8},"end":{"line":505,"column":9}},{"start":{"line":494,"column":8},"end":{"line":505,"column":9}}],"line":494},"36":{"loc":{"start":{"line":509,"column":8},"end":{"line":541,"column":9}},"type":"if","locations":[{"start":{"line":509,"column":8},"end":{"line":541,"column":9}},{"start":{"line":509,"column":8},"end":{"line":541,"column":9}}],"line":509},"37":{"loc":{"start":{"line":512,"column":10},"end":{"line":518,"column":11}},"type":"if","locations":[{"start":{"line":512,"column":10},"end":{"line":518,"column":11}},{"start":{"line":512,"column":10},"end":{"line":518,"column":11}}],"line":512},"38":{"loc":{"start":{"line":512,"column":14},"end":{"line":512,"column":58}},"type":"binary-expr","locations":[{"start":{"line":512,"column":14},"end":{"line":512,"column":24}},{"start":{"line":512,"column":28},"end":{"line":512,"column":58}}],"line":512},"39":{"loc":{"start":{"line":523,"column":10},"end":{"line":525,"column":11}},"type":"if","locations":[{"start":{"line":523,"column":10},"end":{"line":525,"column":11}},{"start":{"line":523,"column":10},"end":{"line":525,"column":11}}],"line":523},"40":{"loc":{"start":{"line":527,"column":10},"end":{"line":530,"column":11}},"type":"if","locations":[{"start":{"line":527,"column":10},"end":{"line":530,"column":11}},{"start":{"line":527,"column":10},"end":{"line":530,"column":11}}],"line":527},"41":{"loc":{"start":{"line":553,"column":25},"end":{"line":553,"column":63}},"type":"cond-expr","locations":[{"start":{"line":553,"column":46},"end":{"line":553,"column":57}},{"start":{"line":553,"column":60},"end":{"line":553,"column":63}}],"line":553},"42":{"loc":{"start":{"line":553,"column":25},"end":{"line":553,"column":43}},"type":"binary-expr","locations":[{"start":{"line":553,"column":25},"end":{"line":553,"column":28}},{"start":{"line":553,"column":32},"end":{"line":553,"column":43}}],"line":553}},"s":{"0":1,"1":1,"2":1,"3":1,"4":1,"5":1,"6":1,"7":1,"8":1,"9":1,"10":0,"11":0,"12":0,"13":0,"14":0,"15":0,"16":0,"17":0,"18":0,"19":0,"20":0,"21":0,"22":0,"23":0,"24":0,"25":0,"26":0,"27":0,"28":0,"29":0,"30":0,"31":0,"32":0,"33":0,"34":0,"35":0,"36":0,"37":0,"38":0,"39":0,"40":0,"41":0,"42":0,"43":0,"44":0,"45":0,"46":0,"47":0,"48":0,"49":0,"50":0,"51":0,"52":0,"53":0,"54":0,"55":0,"56":0,"57":0,"58":0,"59":0,"60":0,"61":0,"62":0,"63":0,"64":0,"65":0,"66":0,"67":0,"68":0,"69":0,"70":0,"71":0,"72":0,"73":0,"74":0,"75":0,"76":0,"77":0,"78":0,"79":0,"80":0,"81":0,"82":0,"83":0,"84":0,"85":0,"86":0,"87":0,"88":0,"89":0,"90":0,"91":0,"92":0,"93":0,"94":0,"95":0,"96":0,"97":0,"98":0,"99":0,"100":0,"101":0,"102":0,"103":0,"104":0,"105":0,"106":0,"107":0,"108":0,"109":0,"110":0,"111":0,"112":0,"113":0,"114":0,"115":0,"116":0,"117":0,"118":0,"119":0,"120":0,"121":0,"122":0,"123":0,"124":0,"125":0,"126":0,"127":0,"128":0,"129":0,"130":0,"131":0,"132":0,"133":0,"134":0,"135":0,"136":0,"137":0,"138":0,"139":0,"140":0,"141":0,"142":0,"143":0,"144":0,"145":0,"146":0,"147":0,"148":0,"149":0,"150":0,"151":0,"152":0,"153":0,"154":0,"155":0,"156":0,"157":0,"158":0,"159":0,"160":0,"161":0},"f":{"0":0,"1":0,"2":0,"3":0,"4":0,"5":0,"6":0,"7":0,"8":0,"9":0,"10":0,"11":0,"12":0,"13":0,"14":0,"15":0,"16":0,"17":0,"18":0,"19":0,"20":0,"21":0,"22":0,"23":0,"24":0,"25":0,"26":0,"27":0,"28":0,"29":0},"b":{"0":[0,0],"1":[0,0],"2":[0,0],"3":[0,0],"4":[0,0],"5":[0,0],"6":[0,0],"7":[0,0],"8":[0,0],"9":[0,0],"10":[0,0],"11":[0,0],"12":[0,0],"13":[0,0],"14":[0,0],"15":[0,0],"16":[0,0],"17":[0,0],"18":[0,0],"19":[0,0],"20":[0,0],"21":[0,0],"22":[0,0],"23":[0,0],"24":[0,0],"25":[0,0],"26":[0,0],"27":[0,0],"28":[0,0],"29":[0,0],"30":[0,0],"31":[0,0],"32":[0,0],"33":[0,0],"34":[0,0],"35":[0,0],"36":[0,0],"37":[0,0],"38":[0,0],"39":[0,0],"40":[0,0],"41":[0,0],"42":[0,0]},"_coverageSchema":"1a1c01bbd47fc00a2c39e90264f33305004495a9","hash":"f3d3467fba8eacd92cd7825fd215af7010bf36e4"}
,"/Users/faou/Projects/livodoc/api/src/api/controllers/core/UserSqlController.js": {"path":"/Users/faou/Projects/livodoc/api/src/api/controllers/core/UserSqlController.js","statementMap":{"0":{"start":{"line":8,"column":15},"end":{"line":8,"column":32}},"1":{"start":{"line":9,"column":10},"end":{"line":9,"column":27}},"2":{"start":{"line":10,"column":13},"end":{"line":10,"column":33}},"3":{"start":{"line":12,"column":56},"end":{"line":12,"column":60}},"4":{"start":{"line":13,"column":20},"end":{"line":13,"column":67}},"5":{"start":{"line":15,"column":14},"end":{"line":15,"column":55}},"6":{"start":{"line":17,"column":19},"end":{"line":19,"column":36}},"7":{"start":{"line":21,"column":0},"end":{"line":732,"column":2}},"8":{"start":{"line":23,"column":4},"end":{"line":26,"column":5}},"9":{"start":{"line":24,"column":6},"end":{"line":24,"column":23}},"10":{"start":{"line":25,"column":6},"end":{"line":25,"column":13}},"11":{"start":{"line":27,"column":4},"end":{"line":27,"column":18}},"12":{"start":{"line":28,"column":4},"end":{"line":28,"column":45}},"13":{"start":{"line":29,"column":4},"end":{"line":29,"column":32}},"14":{"start":{"line":30,"column":4},"end":{"line":30,"column":32}},"15":{"start":{"line":31,"column":4},"end":{"line":31,"column":40}},"16":{"start":{"line":32,"column":4},"end":{"line":32,"column":35}},"17":{"start":{"line":33,"column":4},"end":{"line":33,"column":52}},"18":{"start":{"line":34,"column":4},"end":{"line":34,"column":47}},"19":{"start":{"line":61,"column":4},"end":{"line":66,"column":5}},"20":{"start":{"line":62,"column":6},"end":{"line":65,"column":9}},"21":{"start":{"line":68,"column":4},"end":{"line":73,"column":5}},"22":{"start":{"line":69,"column":6},"end":{"line":72,"column":9}},"23":{"start":{"line":75,"column":4},"end":{"line":83,"column":5}},"24":{"start":{"line":76,"column":6},"end":{"line":81,"column":7}},"25":{"start":{"line":77,"column":8},"end":{"line":80,"column":11}},"26":{"start":{"line":82,"column":6},"end":{"line":82,"column":41}},"27":{"start":{"line":85,"column":18},"end":{"line":85,"column":26}},"28":{"start":{"line":86,"column":4},"end":{"line":86,"column":48}},"29":{"start":{"line":87,"column":4},"end":{"line":87,"column":54}},"30":{"start":{"line":88,"column":4},"end":{"line":179,"column":9}},"31":{"start":{"line":95,"column":8},"end":{"line":102,"column":9}},"32":{"start":{"line":96,"column":10},"end":{"line":101,"column":13}},"33":{"start":{"line":104,"column":8},"end":{"line":106,"column":9}},"34":{"start":{"line":105,"column":10},"end":{"line":105,"column":51}},"35":{"start":{"line":107,"column":8},"end":{"line":108,"column":62}},"36":{"start":{"line":110,"column":8},"end":{"line":110,"column":49}},"37":{"start":{"line":113,"column":8},"end":{"line":117,"column":9}},"38":{"start":{"line":114,"column":10},"end":{"line":116,"column":13}},"39":{"start":{"line":118,"column":8},"end":{"line":118,"column":51}},"40":{"start":{"line":121,"column":8},"end":{"line":132,"column":9}},"41":{"start":{"line":122,"column":10},"end":{"line":122,"column":38}},"42":{"start":{"line":124,"column":10},"end":{"line":130,"column":11}},"43":{"start":{"line":125,"column":12},"end":{"line":129,"column":13}},"44":{"start":{"line":126,"column":14},"end":{"line":126,"column":56}},"45":{"start":{"line":128,"column":14},"end":{"line":128,"column":34}},"46":{"start":{"line":131,"column":10},"end":{"line":131,"column":25}},"47":{"start":{"line":133,"column":8},"end":{"line":133,"column":44}},"48":{"start":{"line":137,"column":8},"end":{"line":143,"column":9}},"49":{"start":{"line":138,"column":10},"end":{"line":138,"column":86}},"50":{"start":{"line":139,"column":10},"end":{"line":139,"column":35}},"51":{"start":{"line":141,"column":10},"end":{"line":141,"column":51}},"52":{"start":{"line":142,"column":10},"end":{"line":142,"column":34}},"53":{"start":{"line":145,"column":8},"end":{"line":149,"column":11}},"54":{"start":{"line":152,"column":8},"end":{"line":158,"column":9}},"55":{"start":{"line":157,"column":10},"end":{"line":157,"column":60}},"56":{"start":{"line":159,"column":8},"end":{"line":159,"column":20}},"57":{"start":{"line":163,"column":8},"end":{"line":163,"column":41}},"58":{"start":{"line":164,"column":8},"end":{"line":174,"column":9}},"59":{"start":{"line":165,"column":10},"end":{"line":168,"column":13}},"60":{"start":{"line":170,"column":10},"end":{"line":173,"column":13}},"61":{"start":{"line":177,"column":8},"end":{"line":177,"column":65}},"62":{"start":{"line":178,"column":8},"end":{"line":178,"column":38}},"63":{"start":{"line":186,"column":23},"end":{"line":186,"column":46}},"64":{"start":{"line":188,"column":4},"end":{"line":193,"column":5}},"65":{"start":{"line":189,"column":6},"end":{"line":192,"column":9}},"66":{"start":{"line":195,"column":4},"end":{"line":233,"column":9}},"67":{"start":{"line":202,"column":8},"end":{"line":209,"column":9}},"68":{"start":{"line":203,"column":10},"end":{"line":208,"column":13}},"69":{"start":{"line":210,"column":8},"end":{"line":222,"column":9}},"70":{"start":{"line":216,"column":10},"end":{"line":221,"column":13}},"71":{"start":{"line":223,"column":8},"end":{"line":226,"column":11}},"72":{"start":{"line":229,"column":8},"end":{"line":232,"column":11}},"73":{"start":{"line":237,"column":23},"end":{"line":237,"column":46}},"74":{"start":{"line":239,"column":4},"end":{"line":244,"column":5}},"75":{"start":{"line":240,"column":6},"end":{"line":243,"column":9}},"76":{"start":{"line":246,"column":4},"end":{"line":251,"column":5}},"77":{"start":{"line":247,"column":6},"end":{"line":250,"column":9}},"78":{"start":{"line":254,"column":4},"end":{"line":318,"column":9}},"79":{"start":{"line":261,"column":8},"end":{"line":267,"column":9}},"80":{"start":{"line":262,"column":10},"end":{"line":266,"column":13}},"81":{"start":{"line":268,"column":8},"end":{"line":268,"column":17}},"82":{"start":{"line":269,"column":8},"end":{"line":280,"column":9}},"83":{"start":{"line":275,"column":10},"end":{"line":279,"column":13}},"84":{"start":{"line":281,"column":8},"end":{"line":281,"column":42}},"85":{"start":{"line":282,"column":8},"end":{"line":282,"column":46}},"86":{"start":{"line":285,"column":8},"end":{"line":288,"column":11}},"87":{"start":{"line":291,"column":8},"end":{"line":298,"column":9}},"88":{"start":{"line":292,"column":10},"end":{"line":292,"column":39}},"89":{"start":{"line":293,"column":10},"end":{"line":297,"column":13}},"90":{"start":{"line":301,"column":8},"end":{"line":304,"column":11}},"91":{"start":{"line":307,"column":8},"end":{"line":311,"column":9}},"92":{"start":{"line":308,"column":10},"end":{"line":310,"column":13}},"93":{"start":{"line":314,"column":8},"end":{"line":317,"column":11}},"94":{"start":{"line":336,"column":47},"end":{"line":336,"column":79}},"95":{"start":{"line":338,"column":20},"end":{"line":341,"column":5}},"96":{"start":{"line":343,"column":16},"end":{"line":343,"column":44}},"97":{"start":{"line":345,"column":4},"end":{"line":349,"column":5}},"98":{"start":{"line":346,"column":6},"end":{"line":348,"column":9}},"99":{"start":{"line":350,"column":4},"end":{"line":354,"column":5}},"100":{"start":{"line":351,"column":6},"end":{"line":353,"column":8}},"101":{"start":{"line":355,"column":4},"end":{"line":355,"column":39}},"102":{"start":{"line":357,"column":4},"end":{"line":404,"column":9}},"103":{"start":{"line":368,"column":8},"end":{"line":394,"column":9}},"104":{"start":{"line":369,"column":10},"end":{"line":379,"column":13}},"105":{"start":{"line":370,"column":12},"end":{"line":370,"column":42}},"106":{"start":{"line":371,"column":12},"end":{"line":377,"column":13}},"107":{"start":{"line":372,"column":14},"end":{"line":376,"column":15}},"108":{"start":{"line":373,"column":16},"end":{"line":373,"column":52}},"109":{"start":{"line":375,"column":16},"end":{"line":375,"column":36}},"110":{"start":{"line":378,"column":12},"end":{"line":378,"column":24}},"111":{"start":{"line":381,"column":10},"end":{"line":386,"column":11}},"112":{"start":{"line":382,"column":12},"end":{"line":385,"column":16}},"113":{"start":{"line":382,"column":37},"end":{"line":385,"column":13}},"114":{"start":{"line":388,"column":10},"end":{"line":393,"column":13}},"115":{"start":{"line":395,"column":8},"end":{"line":397,"column":11}},"116":{"start":{"line":400,"column":8},"end":{"line":403,"column":11}},"117":{"start":{"line":427,"column":15},"end":{"line":427,"column":34}},"118":{"start":{"line":428,"column":4},"end":{"line":432,"column":5}},"119":{"start":{"line":429,"column":6},"end":{"line":431,"column":7}},"120":{"start":{"line":430,"column":8},"end":{"line":430,"column":21}},"121":{"start":{"line":433,"column":25},"end":{"line":433,"column":80}},"122":{"start":{"line":434,"column":23},"end":{"line":434,"column":33}},"123":{"start":{"line":436,"column":24},"end":{"line":439,"column":5}},"124":{"start":{"line":441,"column":4},"end":{"line":443,"column":5}},"125":{"start":{"line":442,"column":6},"end":{"line":442,"column":100}},"126":{"start":{"line":445,"column":4},"end":{"line":483,"column":9}},"127":{"start":{"line":448,"column":8},"end":{"line":453,"column":9}},"128":{"start":{"line":449,"column":10},"end":{"line":452,"column":13}},"129":{"start":{"line":455,"column":8},"end":{"line":461,"column":9}},"130":{"start":{"line":456,"column":10},"end":{"line":460,"column":11}},"131":{"start":{"line":457,"column":12},"end":{"line":457,"column":46}},"132":{"start":{"line":459,"column":12},"end":{"line":459,"column":32}},"133":{"start":{"line":463,"column":8},"end":{"line":470,"column":9}},"134":{"start":{"line":464,"column":10},"end":{"line":469,"column":13}},"135":{"start":{"line":472,"column":8},"end":{"line":472,"column":28}},"136":{"start":{"line":473,"column":8},"end":{"line":473,"column":37}},"137":{"start":{"line":474,"column":8},"end":{"line":476,"column":11}},"138":{"start":{"line":479,"column":8},"end":{"line":482,"column":11}},"139":{"start":{"line":487,"column":21},"end":{"line":487,"column":39}},"140":{"start":{"line":488,"column":18},"end":{"line":488,"column":33}},"141":{"start":{"line":489,"column":4},"end":{"line":494,"column":5}},"142":{"start":{"line":490,"column":6},"end":{"line":493,"column":9}},"143":{"start":{"line":495,"column":4},"end":{"line":509,"column":9}},"144":{"start":{"line":498,"column":8},"end":{"line":502,"column":9}},"145":{"start":{"line":499,"column":10},"end":{"line":501,"column":13}},"146":{"start":{"line":503,"column":8},"end":{"line":505,"column":11}},"147":{"start":{"line":508,"column":8},"end":{"line":508,"column":39}},"148":{"start":{"line":514,"column":20},"end":{"line":514,"column":28}},"149":{"start":{"line":516,"column":15},"end":{"line":516,"column":32}},"150":{"start":{"line":518,"column":4},"end":{"line":525,"column":5}},"151":{"start":{"line":519,"column":6},"end":{"line":524,"column":7}},"152":{"start":{"line":520,"column":8},"end":{"line":523,"column":11}},"153":{"start":{"line":527,"column":4},"end":{"line":535,"column":5}},"154":{"start":{"line":528,"column":6},"end":{"line":533,"column":7}},"155":{"start":{"line":529,"column":8},"end":{"line":532,"column":11}},"156":{"start":{"line":534,"column":6},"end":{"line":534,"column":39}},"157":{"start":{"line":537,"column":4},"end":{"line":635,"column":9}},"158":{"start":{"line":543,"column":8},"end":{"line":550,"column":9}},"159":{"start":{"line":544,"column":10},"end":{"line":549,"column":13}},"160":{"start":{"line":553,"column":8},"end":{"line":553,"column":17}},"161":{"start":{"line":555,"column":8},"end":{"line":557,"column":9}},"162":{"start":{"line":556,"column":10},"end":{"line":556,"column":26}},"163":{"start":{"line":559,"column":8},"end":{"line":565,"column":9}},"164":{"start":{"line":560,"column":10},"end":{"line":564,"column":11}},"165":{"start":{"line":561,"column":12},"end":{"line":561,"column":48}},"166":{"start":{"line":563,"column":12},"end":{"line":563,"column":34}},"167":{"start":{"line":568,"column":8},"end":{"line":568,"column":42}},"168":{"start":{"line":571,"column":8},"end":{"line":573,"column":9}},"169":{"start":{"line":572,"column":10},"end":{"line":572,"column":31}},"170":{"start":{"line":574,"column":8},"end":{"line":580,"column":9}},"171":{"start":{"line":579,"column":10},"end":{"line":579,"column":42}},"172":{"start":{"line":582,"column":8},"end":{"line":582,"column":42}},"173":{"start":{"line":584,"column":8},"end":{"line":584,"column":35}},"174":{"start":{"line":589,"column":8},"end":{"line":591,"column":9}},"175":{"start":{"line":590,"column":10},"end":{"line":590,"column":50}},"176":{"start":{"line":593,"column":8},"end":{"line":595,"column":9}},"177":{"start":{"line":594,"column":10},"end":{"line":594,"column":48}},"178":{"start":{"line":597,"column":8},"end":{"line":597,"column":20}},"179":{"start":{"line":600,"column":8},"end":{"line":606,"column":9}},"180":{"start":{"line":601,"column":10},"end":{"line":605,"column":13}},"181":{"start":{"line":609,"column":8},"end":{"line":617,"column":9}},"182":{"start":{"line":610,"column":10},"end":{"line":616,"column":11}},"183":{"start":{"line":611,"column":12},"end":{"line":615,"column":13}},"184":{"start":{"line":612,"column":14},"end":{"line":612,"column":50}},"185":{"start":{"line":614,"column":14},"end":{"line":614,"column":34}},"186":{"start":{"line":619,"column":18},"end":{"line":622,"column":8}},"187":{"start":{"line":624,"column":8},"end":{"line":627,"column":9}},"188":{"start":{"line":626,"column":10},"end":{"line":626,"column":45}},"189":{"start":{"line":629,"column":8},"end":{"line":631,"column":11}},"190":{"start":{"line":634,"column":8},"end":{"line":634,"column":38}},"191":{"start":{"line":639,"column":15},"end":{"line":639,"column":34}},"192":{"start":{"line":641,"column":23},"end":{"line":641,"column":42}},"193":{"start":{"line":642,"column":4},"end":{"line":670,"column":9}},"194":{"start":{"line":645,"column":8},"end":{"line":650,"column":9}},"195":{"start":{"line":646,"column":10},"end":{"line":649,"column":13}},"196":{"start":{"line":652,"column":30},"end":{"line":652,"column":95}},"197":{"start":{"line":654,"column":8},"end":{"line":666,"column":13}},"198":{"start":{"line":663,"column":12},"end":{"line":665,"column":15}},"199":{"start":{"line":669,"column":8},"end":{"line":669,"column":39}},"200":{"start":{"line":674,"column":15},"end":{"line":674,"column":34}},"201":{"start":{"line":675,"column":4},"end":{"line":679,"column":5}},"202":{"start":{"line":676,"column":6},"end":{"line":678,"column":7}},"203":{"start":{"line":677,"column":8},"end":{"line":677,"column":21}},"204":{"start":{"line":681,"column":15},"end":{"line":681,"column":19}},"205":{"start":{"line":682,"column":25},"end":{"line":682,"column":27}},"206":{"start":{"line":684,"column":23},"end":{"line":684,"column":42}},"207":{"start":{"line":685,"column":4},"end":{"line":730,"column":9}},"208":{"start":{"line":688,"column":8},"end":{"line":690,"column":9}},"209":{"start":{"line":689,"column":10},"end":{"line":689,"column":50}},"210":{"start":{"line":692,"column":8},"end":{"line":692,"column":17}},"211":{"start":{"line":694,"column":8},"end":{"line":696,"column":9}},"212":{"start":{"line":695,"column":10},"end":{"line":695,"column":56}},"213":{"start":{"line":698,"column":18},"end":{"line":701,"column":8}},"214":{"start":{"line":703,"column":8},"end":{"line":716,"column":9}},"215":{"start":{"line":704,"column":10},"end":{"line":704,"column":36}},"216":{"start":{"line":706,"column":10},"end":{"line":715,"column":12}},"217":{"start":{"line":718,"column":8},"end":{"line":723,"column":11}},"218":{"start":{"line":725,"column":18},"end":{"line":727,"column":8}},"219":{"start":{"line":729,"column":8},"end":{"line":729,"column":39}}},"fnMap":{"0":{"name":"(anonymous_0)","decl":{"start":{"line":22,"column":2},"end":{"line":22,"column":3}},"loc":{"start":{"line":22,"column":28},"end":{"line":35,"column":3}},"line":22},"1":{"name":"(anonymous_1)","decl":{"start":{"line":59,"column":2},"end":{"line":59,"column":3}},"loc":{"start":{"line":59,"column":19},"end":{"line":180,"column":3}},"line":59},"2":{"name":"(anonymous_2)","decl":{"start":{"line":94,"column":12},"end":{"line":94,"column":13}},"loc":{"start":{"line":94,"column":22},"end":{"line":111,"column":7}},"line":94},"3":{"name":"(anonymous_3)","decl":{"start":{"line":112,"column":12},"end":{"line":112,"column":13}},"loc":{"start":{"line":112,"column":22},"end":{"line":119,"column":7}},"line":112},"4":{"name":"(anonymous_4)","decl":{"start":{"line":120,"column":12},"end":{"line":120,"column":13}},"loc":{"start":{"line":120,"column":24},"end":{"line":134,"column":7}},"line":120},"5":{"name":"(anonymous_5)","decl":{"start":{"line":135,"column":12},"end":{"line":135,"column":13}},"loc":{"start":{"line":135,"column":18},"end":{"line":150,"column":7}},"line":135},"6":{"name":"(anonymous_6)","decl":{"start":{"line":151,"column":12},"end":{"line":151,"column":13}},"loc":{"start":{"line":151,"column":18},"end":{"line":160,"column":7}},"line":151},"7":{"name":"(anonymous_7)","decl":{"start":{"line":162,"column":12},"end":{"line":162,"column":13}},"loc":{"start":{"line":162,"column":18},"end":{"line":175,"column":7}},"line":162},"8":{"name":"(anonymous_8)","decl":{"start":{"line":176,"column":13},"end":{"line":176,"column":14}},"loc":{"start":{"line":176,"column":22},"end":{"line":179,"column":7}},"line":176},"9":{"name":"(anonymous_9)","decl":{"start":{"line":185,"column":2},"end":{"line":185,"column":3}},"loc":{"start":{"line":185,"column":28},"end":{"line":234,"column":3}},"line":185},"10":{"name":"(anonymous_10)","decl":{"start":{"line":201,"column":12},"end":{"line":201,"column":13}},"loc":{"start":{"line":201,"column":22},"end":{"line":227,"column":7}},"line":201},"11":{"name":"(anonymous_11)","decl":{"start":{"line":228,"column":13},"end":{"line":228,"column":14}},"loc":{"start":{"line":228,"column":22},"end":{"line":233,"column":7}},"line":228},"12":{"name":"(anonymous_12)","decl":{"start":{"line":236,"column":2},"end":{"line":236,"column":3}},"loc":{"start":{"line":236,"column":18},"end":{"line":319,"column":3}},"line":236},"13":{"name":"(anonymous_13)","decl":{"start":{"line":260,"column":12},"end":{"line":260,"column":13}},"loc":{"start":{"line":260,"column":19},"end":{"line":283,"column":7}},"line":260},"14":{"name":"(anonymous_14)","decl":{"start":{"line":284,"column":13},"end":{"line":284,"column":14}},"loc":{"start":{"line":284,"column":22},"end":{"line":289,"column":7}},"line":284},"15":{"name":"(anonymous_15)","decl":{"start":{"line":290,"column":12},"end":{"line":290,"column":13}},"loc":{"start":{"line":290,"column":24},"end":{"line":299,"column":7}},"line":290},"16":{"name":"(anonymous_16)","decl":{"start":{"line":300,"column":13},"end":{"line":300,"column":14}},"loc":{"start":{"line":300,"column":22},"end":{"line":305,"column":7}},"line":300},"17":{"name":"(anonymous_17)","decl":{"start":{"line":306,"column":12},"end":{"line":306,"column":13}},"loc":{"start":{"line":306,"column":25},"end":{"line":312,"column":7}},"line":306},"18":{"name":"(anonymous_18)","decl":{"start":{"line":313,"column":13},"end":{"line":313,"column":14}},"loc":{"start":{"line":313,"column":22},"end":{"line":318,"column":7}},"line":313},"19":{"name":"(anonymous_19)","decl":{"start":{"line":335,"column":2},"end":{"line":335,"column":3}},"loc":{"start":{"line":335,"column":18},"end":{"line":405,"column":3}},"line":335},"20":{"name":"(anonymous_20)","decl":{"start":{"line":366,"column":12},"end":{"line":366,"column":13}},"loc":{"start":{"line":366,"column":24},"end":{"line":398,"column":7}},"line":366},"21":{"name":"(anonymous_21)","decl":{"start":{"line":369,"column":33},"end":{"line":369,"column":34}},"loc":{"start":{"line":369,"column":43},"end":{"line":379,"column":11}},"line":369},"22":{"name":"(anonymous_22)","decl":{"start":{"line":382,"column":28},"end":{"line":382,"column":29}},"loc":{"start":{"line":382,"column":37},"end":{"line":385,"column":13}},"line":382},"23":{"name":"(anonymous_23)","decl":{"start":{"line":399,"column":13},"end":{"line":399,"column":14}},"loc":{"start":{"line":399,"column":22},"end":{"line":404,"column":7}},"line":399},"24":{"name":"(anonymous_24)","decl":{"start":{"line":426,"column":2},"end":{"line":426,"column":3}},"loc":{"start":{"line":426,"column":17},"end":{"line":484,"column":3}},"line":426},"25":{"name":"(anonymous_25)","decl":{"start":{"line":447,"column":12},"end":{"line":447,"column":13}},"loc":{"start":{"line":447,"column":21},"end":{"line":477,"column":7}},"line":447},"26":{"name":"(anonymous_26)","decl":{"start":{"line":478,"column":13},"end":{"line":478,"column":14}},"loc":{"start":{"line":478,"column":22},"end":{"line":483,"column":7}},"line":478},"27":{"name":"(anonymous_27)","decl":{"start":{"line":486,"column":2},"end":{"line":486,"column":3}},"loc":{"start":{"line":486,"column":20},"end":{"line":510,"column":3}},"line":486},"28":{"name":"(anonymous_28)","decl":{"start":{"line":497,"column":12},"end":{"line":497,"column":13}},"loc":{"start":{"line":497,"column":21},"end":{"line":506,"column":7}},"line":497},"29":{"name":"(anonymous_29)","decl":{"start":{"line":507,"column":13},"end":{"line":507,"column":14}},"loc":{"start":{"line":507,"column":22},"end":{"line":509,"column":7}},"line":507},"30":{"name":"(anonymous_30)","decl":{"start":{"line":512,"column":2},"end":{"line":512,"column":3}},"loc":{"start":{"line":512,"column":19},"end":{"line":636,"column":3}},"line":512},"31":{"name":"(anonymous_31)","decl":{"start":{"line":542,"column":12},"end":{"line":542,"column":13}},"loc":{"start":{"line":542,"column":19},"end":{"line":598,"column":7}},"line":542},"32":{"name":"(anonymous_32)","decl":{"start":{"line":599,"column":12},"end":{"line":599,"column":13}},"loc":{"start":{"line":599,"column":18},"end":{"line":607,"column":7}},"line":599},"33":{"name":"(anonymous_33)","decl":{"start":{"line":608,"column":12},"end":{"line":608,"column":13}},"loc":{"start":{"line":608,"column":21},"end":{"line":618,"column":7}},"line":608},"34":{"name":"(anonymous_34)","decl":{"start":{"line":619,"column":12},"end":{"line":619,"column":13}},"loc":{"start":{"line":619,"column":18},"end":{"line":622,"column":8}},"line":619},"35":{"name":"(anonymous_35)","decl":{"start":{"line":623,"column":12},"end":{"line":623,"column":13}},"loc":{"start":{"line":623,"column":27},"end":{"line":632,"column":7}},"line":623},"36":{"name":"(anonymous_36)","decl":{"start":{"line":633,"column":13},"end":{"line":633,"column":14}},"loc":{"start":{"line":633,"column":22},"end":{"line":635,"column":7}},"line":633},"37":{"name":"(anonymous_37)","decl":{"start":{"line":638,"column":2},"end":{"line":638,"column":3}},"loc":{"start":{"line":638,"column":20},"end":{"line":671,"column":3}},"line":638},"38":{"name":"(anonymous_38)","decl":{"start":{"line":644,"column":12},"end":{"line":644,"column":13}},"loc":{"start":{"line":644,"column":22},"end":{"line":667,"column":7}},"line":644},"39":{"name":"(anonymous_39)","decl":{"start":{"line":662,"column":16},"end":{"line":662,"column":17}},"loc":{"start":{"line":662,"column":22},"end":{"line":666,"column":11}},"line":662},"40":{"name":"(anonymous_40)","decl":{"start":{"line":668,"column":13},"end":{"line":668,"column":14}},"loc":{"start":{"line":668,"column":22},"end":{"line":670,"column":7}},"line":668},"41":{"name":"(anonymous_41)","decl":{"start":{"line":673,"column":2},"end":{"line":673,"column":3}},"loc":{"start":{"line":673,"column":26},"end":{"line":731,"column":3}},"line":673},"42":{"name":"(anonymous_42)","decl":{"start":{"line":687,"column":12},"end":{"line":687,"column":13}},"loc":{"start":{"line":687,"column":19},"end":{"line":697,"column":7}},"line":687},"43":{"name":"(anonymous_43)","decl":{"start":{"line":698,"column":12},"end":{"line":698,"column":13}},"loc":{"start":{"line":698,"column":18},"end":{"line":701,"column":8}},"line":698},"44":{"name":"(anonymous_44)","decl":{"start":{"line":702,"column":12},"end":{"line":702,"column":13}},"loc":{"start":{"line":702,"column":26},"end":{"line":724,"column":7}},"line":702},"45":{"name":"(anonymous_45)","decl":{"start":{"line":725,"column":12},"end":{"line":725,"column":13}},"loc":{"start":{"line":725,"column":18},"end":{"line":727,"column":8}},"line":725},"46":{"name":"(anonymous_46)","decl":{"start":{"line":728,"column":13},"end":{"line":728,"column":14}},"loc":{"start":{"line":728,"column":22},"end":{"line":730,"column":7}},"line":728}},"branchMap":{"0":{"loc":{"start":{"line":17,"column":19},"end":{"line":19,"column":36}},"type":"cond-expr","locations":[{"start":{"line":18,"column":4},"end":{"line":18,"column":39}},{"start":{"line":19,"column":4},"end":{"line":19,"column":36}}],"line":17},"1":{"loc":{"start":{"line":17,"column":19},"end":{"line":17,"column":97}},"type":"binary-expr","locations":[{"start":{"line":17,"column":19},"end":{"line":17,"column":35}},{"start":{"line":17,"column":39},"end":{"line":17,"column":58}},{"start":{"line":17,"column":62},"end":{"line":17,"column":97}}],"line":17},"2":{"loc":{"start":{"line":23,"column":4},"end":{"line":26,"column":5}},"type":"if","locations":[{"start":{"line":23,"column":4},"end":{"line":26,"column":5}},{"start":{"line":23,"column":4},"end":{"line":26,"column":5}}],"line":23},"3":{"loc":{"start":{"line":61,"column":4},"end":{"line":66,"column":5}},"type":"if","locations":[{"start":{"line":61,"column":4},"end":{"line":66,"column":5}},{"start":{"line":61,"column":4},"end":{"line":66,"column":5}}],"line":61},"4":{"loc":{"start":{"line":68,"column":4},"end":{"line":73,"column":5}},"type":"if","locations":[{"start":{"line":68,"column":4},"end":{"line":73,"column":5}},{"start":{"line":68,"column":4},"end":{"line":73,"column":5}}],"line":68},"5":{"loc":{"start":{"line":75,"column":4},"end":{"line":83,"column":5}},"type":"if","locations":[{"start":{"line":75,"column":4},"end":{"line":83,"column":5}},{"start":{"line":75,"column":4},"end":{"line":83,"column":5}}],"line":75},"6":{"loc":{"start":{"line":76,"column":6},"end":{"line":81,"column":7}},"type":"if","locations":[{"start":{"line":76,"column":6},"end":{"line":81,"column":7}},{"start":{"line":76,"column":6},"end":{"line":81,"column":7}}],"line":76},"7":{"loc":{"start":{"line":95,"column":8},"end":{"line":102,"column":9}},"type":"if","locations":[{"start":{"line":95,"column":8},"end":{"line":102,"column":9}},{"start":{"line":95,"column":8},"end":{"line":102,"column":9}}],"line":95},"8":{"loc":{"start":{"line":104,"column":8},"end":{"line":106,"column":9}},"type":"if","locations":[{"start":{"line":104,"column":8},"end":{"line":106,"column":9}},{"start":{"line":104,"column":8},"end":{"line":106,"column":9}}],"line":104},"9":{"loc":{"start":{"line":107,"column":27},"end":{"line":108,"column":61}},"type":"binary-expr","locations":[{"start":{"line":107,"column":27},"end":{"line":107,"column":75}},{"start":{"line":108,"column":13},"end":{"line":108,"column":61}}],"line":107},"10":{"loc":{"start":{"line":113,"column":8},"end":{"line":117,"column":9}},"type":"if","locations":[{"start":{"line":113,"column":8},"end":{"line":117,"column":9}},{"start":{"line":113,"column":8},"end":{"line":117,"column":9}}],"line":113},"11":{"loc":{"start":{"line":121,"column":8},"end":{"line":132,"column":9}},"type":"if","locations":[{"start":{"line":121,"column":8},"end":{"line":132,"column":9}},{"start":{"line":121,"column":8},"end":{"line":132,"column":9}}],"line":121},"12":{"loc":{"start":{"line":121,"column":12},"end":{"line":121,"column":39}},"type":"binary-expr","locations":[{"start":{"line":121,"column":12},"end":{"line":121,"column":18}},{"start":{"line":121,"column":22},"end":{"line":121,"column":39}}],"line":121},"13":{"loc":{"start":{"line":124,"column":10},"end":{"line":130,"column":11}},"type":"if","locations":[{"start":{"line":124,"column":10},"end":{"line":130,"column":11}},{"start":{"line":124,"column":10},"end":{"line":130,"column":11}}],"line":124},"14":{"loc":{"start":{"line":124,"column":14},"end":{"line":124,"column":64}},"type":"binary-expr","locations":[{"start":{"line":124,"column":14},"end":{"line":124,"column":27}},{"start":{"line":124,"column":31},"end":{"line":124,"column":64}}],"line":124},"15":{"loc":{"start":{"line":137,"column":8},"end":{"line":143,"column":9}},"type":"if","locations":[{"start":{"line":137,"column":8},"end":{"line":143,"column":9}},{"start":{"line":137,"column":8},"end":{"line":143,"column":9}}],"line":137},"16":{"loc":{"start":{"line":152,"column":8},"end":{"line":158,"column":9}},"type":"if","locations":[{"start":{"line":152,"column":8},"end":{"line":158,"column":9}},{"start":{"line":152,"column":8},"end":{"line":158,"column":9}}],"line":152},"17":{"loc":{"start":{"line":153,"column":10},"end":{"line":155,"column":65}},"type":"binary-expr","locations":[{"start":{"line":153,"column":10},"end":{"line":153,"column":17}},{"start":{"line":154,"column":13},"end":{"line":154,"column":32}},{"start":{"line":155,"column":13},"end":{"line":155,"column":65}}],"line":153},"18":{"loc":{"start":{"line":164,"column":8},"end":{"line":174,"column":9}},"type":"if","locations":[{"start":{"line":164,"column":8},"end":{"line":174,"column":9}},{"start":{"line":164,"column":8},"end":{"line":174,"column":9}}],"line":164},"19":{"loc":{"start":{"line":177,"column":25},"end":{"line":177,"column":63}},"type":"cond-expr","locations":[{"start":{"line":177,"column":46},"end":{"line":177,"column":57}},{"start":{"line":177,"column":60},"end":{"line":177,"column":63}}],"line":177},"20":{"loc":{"start":{"line":177,"column":25},"end":{"line":177,"column":43}},"type":"binary-expr","locations":[{"start":{"line":177,"column":25},"end":{"line":177,"column":28}},{"start":{"line":177,"column":32},"end":{"line":177,"column":43}}],"line":177},"21":{"loc":{"start":{"line":188,"column":4},"end":{"line":193,"column":5}},"type":"if","locations":[{"start":{"line":188,"column":4},"end":{"line":193,"column":5}},{"start":{"line":188,"column":4},"end":{"line":193,"column":5}}],"line":188},"22":{"loc":{"start":{"line":202,"column":8},"end":{"line":209,"column":9}},"type":"if","locations":[{"start":{"line":202,"column":8},"end":{"line":209,"column":9}},{"start":{"line":202,"column":8},"end":{"line":209,"column":9}}],"line":202},"23":{"loc":{"start":{"line":210,"column":8},"end":{"line":222,"column":9}},"type":"if","locations":[{"start":{"line":210,"column":8},"end":{"line":222,"column":9}},{"start":{"line":210,"column":8},"end":{"line":222,"column":9}}],"line":210},"24":{"loc":{"start":{"line":211,"column":10},"end":{"line":214,"column":33}},"type":"binary-expr","locations":[{"start":{"line":211,"column":10},"end":{"line":211,"column":40}},{"start":{"line":212,"column":13},"end":{"line":214,"column":33}}],"line":211},"25":{"loc":{"start":{"line":229,"column":19},"end":{"line":229,"column":54}},"type":"cond-expr","locations":[{"start":{"line":229,"column":30},"end":{"line":229,"column":48}},{"start":{"line":229,"column":51},"end":{"line":229,"column":54}}],"line":229},"26":{"loc":{"start":{"line":230,"column":19},"end":{"line":230,"column":48}},"type":"binary-expr","locations":[{"start":{"line":230,"column":19},"end":{"line":230,"column":30}},{"start":{"line":230,"column":34},"end":{"line":230,"column":48}}],"line":230},"27":{"loc":{"start":{"line":231,"column":19},"end":{"line":231,"column":48}},"type":"binary-expr","locations":[{"start":{"line":231,"column":19},"end":{"line":231,"column":30}},{"start":{"line":231,"column":34},"end":{"line":231,"column":48}}],"line":231},"28":{"loc":{"start":{"line":239,"column":4},"end":{"line":244,"column":5}},"type":"if","locations":[{"start":{"line":239,"column":4},"end":{"line":244,"column":5}},{"start":{"line":239,"column":4},"end":{"line":244,"column":5}}],"line":239},"29":{"loc":{"start":{"line":246,"column":4},"end":{"line":251,"column":5}},"type":"if","locations":[{"start":{"line":246,"column":4},"end":{"line":251,"column":5}},{"start":{"line":246,"column":4},"end":{"line":251,"column":5}}],"line":246},"30":{"loc":{"start":{"line":261,"column":8},"end":{"line":267,"column":9}},"type":"if","locations":[{"start":{"line":261,"column":8},"end":{"line":267,"column":9}},{"start":{"line":261,"column":8},"end":{"line":267,"column":9}}],"line":261},"31":{"loc":{"start":{"line":261,"column":12},"end":{"line":261,"column":30}},"type":"binary-expr","locations":[{"start":{"line":261,"column":12},"end":{"line":261,"column":14}},{"start":{"line":261,"column":18},"end":{"line":261,"column":30}}],"line":261},"32":{"loc":{"start":{"line":269,"column":8},"end":{"line":280,"column":9}},"type":"if","locations":[{"start":{"line":269,"column":8},"end":{"line":280,"column":9}},{"start":{"line":269,"column":8},"end":{"line":280,"column":9}}],"line":269},"33":{"loc":{"start":{"line":270,"column":10},"end":{"line":273,"column":33}},"type":"binary-expr","locations":[{"start":{"line":270,"column":10},"end":{"line":270,"column":40}},{"start":{"line":271,"column":13},"end":{"line":273,"column":33}}],"line":270},"34":{"loc":{"start":{"line":285,"column":19},"end":{"line":285,"column":54}},"type":"cond-expr","locations":[{"start":{"line":285,"column":30},"end":{"line":285,"column":48}},{"start":{"line":285,"column":51},"end":{"line":285,"column":54}}],"line":285},"35":{"loc":{"start":{"line":286,"column":19},"end":{"line":286,"column":45}},"type":"binary-expr","locations":[{"start":{"line":286,"column":19},"end":{"line":286,"column":30}},{"start":{"line":286,"column":34},"end":{"line":286,"column":45}}],"line":286},"36":{"loc":{"start":{"line":287,"column":19},"end":{"line":287,"column":45}},"type":"binary-expr","locations":[{"start":{"line":287,"column":19},"end":{"line":287,"column":30}},{"start":{"line":287,"column":34},"end":{"line":287,"column":45}}],"line":287},"37":{"loc":{"start":{"line":291,"column":8},"end":{"line":298,"column":9}},"type":"if","locations":[{"start":{"line":291,"column":8},"end":{"line":298,"column":9}},{"start":{"line":291,"column":8},"end":{"line":298,"column":9}}],"line":291},"38":{"loc":{"start":{"line":301,"column":19},"end":{"line":301,"column":54}},"type":"cond-expr","locations":[{"start":{"line":301,"column":30},"end":{"line":301,"column":48}},{"start":{"line":301,"column":51},"end":{"line":301,"column":54}}],"line":301},"39":{"loc":{"start":{"line":302,"column":19},"end":{"line":302,"column":48}},"type":"binary-expr","locations":[{"start":{"line":302,"column":19},"end":{"line":302,"column":30}},{"start":{"line":302,"column":34},"end":{"line":302,"column":48}}],"line":302},"40":{"loc":{"start":{"line":303,"column":19},"end":{"line":303,"column":48}},"type":"binary-expr","locations":[{"start":{"line":303,"column":19},"end":{"line":303,"column":30}},{"start":{"line":303,"column":34},"end":{"line":303,"column":48}}],"line":303},"41":{"loc":{"start":{"line":307,"column":8},"end":{"line":311,"column":9}},"type":"if","locations":[{"start":{"line":307,"column":8},"end":{"line":311,"column":9}},{"start":{"line":307,"column":8},"end":{"line":311,"column":9}}],"line":307},"42":{"loc":{"start":{"line":345,"column":4},"end":{"line":349,"column":5}},"type":"if","locations":[{"start":{"line":345,"column":4},"end":{"line":349,"column":5}},{"start":{"line":345,"column":4},"end":{"line":349,"column":5}}],"line":345},"43":{"loc":{"start":{"line":350,"column":4},"end":{"line":354,"column":5}},"type":"if","locations":[{"start":{"line":350,"column":4},"end":{"line":354,"column":5}},{"start":{"line":350,"column":4},"end":{"line":354,"column":5}}],"line":350},"44":{"loc":{"start":{"line":368,"column":8},"end":{"line":394,"column":9}},"type":"if","locations":[{"start":{"line":368,"column":8},"end":{"line":394,"column":9}},{"start":{"line":368,"column":8},"end":{"line":394,"column":9}}],"line":368},"45":{"loc":{"start":{"line":368,"column":12},"end":{"line":368,"column":48}},"type":"binary-expr","locations":[{"start":{"line":368,"column":12},"end":{"line":368,"column":18}},{"start":{"line":368,"column":22},"end":{"line":368,"column":48}}],"line":368},"46":{"loc":{"start":{"line":371,"column":12},"end":{"line":377,"column":13}},"type":"if","locations":[{"start":{"line":371,"column":12},"end":{"line":377,"column":13}},{"start":{"line":371,"column":12},"end":{"line":377,"column":13}}],"line":371},"47":{"loc":{"start":{"line":371,"column":16},"end":{"line":371,"column":60}},"type":"binary-expr","locations":[{"start":{"line":371,"column":16},"end":{"line":371,"column":26}},{"start":{"line":371,"column":30},"end":{"line":371,"column":60}}],"line":371},"48":{"loc":{"start":{"line":381,"column":10},"end":{"line":386,"column":11}},"type":"if","locations":[{"start":{"line":381,"column":10},"end":{"line":386,"column":11}},{"start":{"line":381,"column":10},"end":{"line":386,"column":11}}],"line":381},"49":{"loc":{"start":{"line":428,"column":4},"end":{"line":432,"column":5}},"type":"if","locations":[{"start":{"line":428,"column":4},"end":{"line":432,"column":5}},{"start":{"line":428,"column":4},"end":{"line":432,"column":5}}],"line":428},"50":{"loc":{"start":{"line":429,"column":6},"end":{"line":431,"column":7}},"type":"if","locations":[{"start":{"line":429,"column":6},"end":{"line":431,"column":7}},{"start":{"line":429,"column":6},"end":{"line":431,"column":7}}],"line":429},"51":{"loc":{"start":{"line":433,"column":25},"end":{"line":433,"column":80}},"type":"cond-expr","locations":[{"start":{"line":433,"column":50},"end":{"line":433,"column":72}},{"start":{"line":433,"column":75},"end":{"line":433,"column":80}}],"line":433},"52":{"loc":{"start":{"line":441,"column":4},"end":{"line":443,"column":5}},"type":"if","locations":[{"start":{"line":441,"column":4},"end":{"line":443,"column":5}},{"start":{"line":441,"column":4},"end":{"line":443,"column":5}}],"line":441},"53":{"loc":{"start":{"line":448,"column":8},"end":{"line":453,"column":9}},"type":"if","locations":[{"start":{"line":448,"column":8},"end":{"line":453,"column":9}},{"start":{"line":448,"column":8},"end":{"line":453,"column":9}}],"line":448},"54":{"loc":{"start":{"line":455,"column":8},"end":{"line":461,"column":9}},"type":"if","locations":[{"start":{"line":455,"column":8},"end":{"line":461,"column":9}},{"start":{"line":455,"column":8},"end":{"line":461,"column":9}}],"line":455},"55":{"loc":{"start":{"line":455,"column":12},"end":{"line":455,"column":54}},"type":"binary-expr","locations":[{"start":{"line":455,"column":12},"end":{"line":455,"column":21}},{"start":{"line":455,"column":25},"end":{"line":455,"column":54}}],"line":455},"56":{"loc":{"start":{"line":463,"column":8},"end":{"line":470,"column":9}},"type":"if","locations":[{"start":{"line":463,"column":8},"end":{"line":470,"column":9}},{"start":{"line":463,"column":8},"end":{"line":470,"column":9}}],"line":463},"57":{"loc":{"start":{"line":489,"column":4},"end":{"line":494,"column":5}},"type":"if","locations":[{"start":{"line":489,"column":4},"end":{"line":494,"column":5}},{"start":{"line":489,"column":4},"end":{"line":494,"column":5}}],"line":489},"58":{"loc":{"start":{"line":489,"column":8},"end":{"line":489,"column":27}},"type":"binary-expr","locations":[{"start":{"line":489,"column":8},"end":{"line":489,
[...]
ne":278},"57":{"loc":{"start":{"line":283,"column":27},"end":{"line":283,"column":84}},"type":"cond-expr","locations":[{"start":{"line":283,"column":52},"end":{"line":283,"column":76}},{"start":{"line":283,"column":79},"end":{"line":283,"column":84}}],"line":283},"58":{"loc":{"start":{"line":284,"column":22},"end":{"line":284,"column":69}},"type":"cond-expr","locations":[{"start":{"line":284,"column":39},"end":{"line":284,"column":65}},{"start":{"line":284,"column":68},"end":{"line":284,"column":69}}],"line":284},"59":{"loc":{"start":{"line":285,"column":16},"end":{"line":289,"column":49}},"type":"cond-expr","locations":[{"start":{"line":286,"column":8},"end":{"line":286,"column":50}},{"start":{"line":287,"column":8},"end":{"line":289,"column":49}}],"line":285},"60":{"loc":{"start":{"line":287,"column":8},"end":{"line":289,"column":49}},"type":"cond-expr","locations":[{"start":{"line":288,"column":10},"end":{"line":288,"column":27}},{"start":{"line":289,"column":10},"end":{"line":289,"column":49}}],"line":287},"61":{"loc":{"start":{"line":292,"column":24},"end":{"line":292,"column":54}},"type":"binary-expr","locations":[{"start":{"line":292,"column":24},"end":{"line":292,"column":38}},{"start":{"line":292,"column":42},"end":{"line":292,"column":54}}],"line":292},"62":{"loc":{"start":{"line":294,"column":6},"end":{"line":294,"column":67}},"type":"binary-expr","locations":[{"start":{"line":294,"column":6},"end":{"line":294,"column":17}},{"start":{"line":294,"column":21},"end":{"line":294,"column":67}}],"line":294},"63":{"loc":{"start":{"line":294,"column":24},"end":{"line":294,"column":56}},"type":"binary-expr","locations":[{"start":{"line":294,"column":24},"end":{"line":294,"column":42}},{"start":{"line":294,"column":46},"end":{"line":294,"column":56}}],"line":294},"64":{"loc":{"start":{"line":305,"column":26},"end":{"line":305,"column":36}},"type":"default-arg","locations":[{"start":{"line":305,"column":34},"end":{"line":305,"column":36}}],"line":305},"65":{"loc":{"start":{"line":306,"column":4},"end":{"line":314,"column":5}},"type":"if","locations":[{"start":{"line":306,"column":4},"end":{"line":314,"column":5}},{"start":{"line":306,"column":4},"end":{"line":314,"column":5}}],"line":306},"66":{"loc":{"start":{"line":307,"column":6},"end":{"line":309,"column":7}},"type":"if","locations":[{"start":{"line":307,"column":6},"end":{"line":309,"column":7}},{"start":{"line":307,"column":6},"end":{"line":309,"column":7}}],"line":307},"67":{"loc":{"start":{"line":312,"column":19},"end":{"line":312,"column":43}},"type":"binary-expr","locations":[{"start":{"line":312,"column":19},"end":{"line":312,"column":35}},{"start":{"line":312,"column":39},"end":{"line":312,"column":43}}],"line":312},"68":{"loc":{"start":{"line":321,"column":4},"end":{"line":321,"column":14}},"type":"default-arg","locations":[{"start":{"line":321,"column":12},"end":{"line":321,"column":14}}],"line":321},"69":{"loc":{"start":{"line":322,"column":4},"end":{"line":325,"column":5}},"type":"default-arg","locations":[{"start":{"line":322,"column":14},"end":{"line":325,"column":5}}],"line":322},"70":{"loc":{"start":{"line":328,"column":4},"end":{"line":330,"column":5}},"type":"if","locations":[{"start":{"line":328,"column":4},"end":{"line":330,"column":5}},{"start":{"line":328,"column":4},"end":{"line":330,"column":5}}],"line":328},"71":{"loc":{"start":{"line":328,"column":8},"end":{"line":328,"column":82}},"type":"binary-expr","locations":[{"start":{"line":328,"column":9},"end":{"line":328,"column":27}},{"start":{"line":328,"column":31},"end":{"line":328,"column":62}},{"start":{"line":328,"column":67},"end":{"line":328,"column":82}}],"line":328},"72":{"loc":{"start":{"line":331,"column":4},"end":{"line":348,"column":5}},"type":"if","locations":[{"start":{"line":331,"column":4},"end":{"line":348,"column":5}},{"start":{"line":331,"column":4},"end":{"line":348,"column":5}}],"line":331},"73":{"loc":{"start":{"line":333,"column":6},"end":{"line":335,"column":7}},"type":"if","locations":[{"start":{"line":333,"column":6},"end":{"line":335,"column":7}},{"start":{"line":333,"column":6},"end":{"line":335,"column":7}}],"line":333},"74":{"loc":{"start":{"line":337,"column":6},"end":{"line":342,"column":7}},"type":"if","locations":[{"start":{"line":337,"column":6},"end":{"line":342,"column":7}},{"start":{"line":337,"column":6},"end":{"line":342,"column":7}}],"line":337},"75":{"loc":{"start":{"line":343,"column":6},"end":{"line":347,"column":7}},"type":"if","locations":[{"start":{"line":343,"column":6},"end":{"line":347,"column":7}},{"start":{"line":343,"column":6},"end":{"line":347,"column":7}}],"line":343},"76":{"loc":{"start":{"line":358,"column":4},"end":{"line":360,"column":5}},"type":"if","locations":[{"start":{"line":358,"column":4},"end":{"line":360,"column":5}},{"start":{"line":358,"column":4},"end":{"line":360,"column":5}}],"line":358},"77":{"loc":{"start":{"line":362,"column":6},"end":{"line":364,"column":7}},"type":"if","locations":[{"start":{"line":362,"column":6},"end":{"line":364,"column":7}},{"start":{"line":362,"column":6},"end":{"line":364,"column":7}}],"line":362},"78":{"loc":{"start":{"line":377,"column":13},"end":{"line":377,"column":29}},"type":"default-arg","locations":[{"start":{"line":377,"column":25},"end":{"line":377,"column":29}}],"line":377},"79":{"loc":{"start":{"line":377,"column":31},"end":{"line":377,"column":46}},"type":"default-arg","locations":[{"start":{"line":377,"column":42},"end":{"line":377,"column":46}}],"line":377},"80":{"loc":{"start":{"line":377,"column":48},"end":{"line":377,"column":62}},"type":"default-arg","locations":[{"start":{"line":377,"column":58},"end":{"line":377,"column":62}}],"line":377},"81":{"loc":{"start":{"line":377,"column":64},"end":{"line":377,"column":80}},"type":"default-arg","locations":[{"start":{"line":377,"column":75},"end":{"line":377,"column":80}}],"line":377},"82":{"loc":{"start":{"line":379,"column":4},"end":{"line":381,"column":5}},"type":"if","locations":[{"start":{"line":379,"column":4},"end":{"line":381,"column":5}},{"start":{"line":379,"column":4},"end":{"line":381,"column":5}}],"line":379},"83":{"loc":{"start":{"line":379,"column":8},"end":{"line":379,"column":43}},"type":"binary-expr","locations":[{"start":{"line":379,"column":8},"end":{"line":379,"column":18}},{"start":{"line":379,"column":22},"end":{"line":379,"column":31}},{"start":{"line":379,"column":35},"end":{"line":379,"column":43}}],"line":379},"84":{"loc":{"start":{"line":383,"column":4},"end":{"line":390,"column":5}},"type":"if","locations":[{"start":{"line":383,"column":4},"end":{"line":390,"column":5}},{"start":{"line":383,"column":4},"end":{"line":390,"column":5}}],"line":383},"85":{"loc":{"start":{"line":383,"column":8},"end":{"line":383,"column":29}},"type":"binary-expr","locations":[{"start":{"line":383,"column":8},"end":{"line":383,"column":17}},{"start":{"line":383,"column":21},"end":{"line":383,"column":29}}],"line":383},"86":{"loc":{"start":{"line":385,"column":6},"end":{"line":387,"column":7}},"type":"if","locations":[{"start":{"line":385,"column":6},"end":{"line":387,"column":7}},{"start":{"line":385,"column":6},"end":{"line":387,"column":7}}],"line":385},"87":{"loc":{"start":{"line":385,"column":10},"end":{"line":385,"column":30}},"type":"binary-expr","locations":[{"start":{"line":385,"column":10},"end":{"line":385,"column":17}},{"start":{"line":385,"column":21},"end":{"line":385,"column":30}}],"line":385},"88":{"loc":{"start":{"line":392,"column":11},"end":{"line":392,"column":34}},"type":"cond-expr","locations":[{"start":{"line":392,"column":18},"end":{"line":392,"column":29}},{"start":{"line":392,"column":32},"end":{"line":392,"column":34}}],"line":392},"89":{"loc":{"start":{"line":397,"column":6},"end":{"line":399,"column":7}},"type":"if","locations":[{"start":{"line":397,"column":6},"end":{"line":399,"column":7}},{"start":{"line":397,"column":6},"end":{"line":399,"column":7}}],"line":397},"90":{"loc":{"start":{"line":406,"column":4},"end":{"line":408,"column":5}},"type":"if","locations":[{"start":{"line":406,"column":4},"end":{"line":408,"column":5}},{"start":{"line":406,"column":4},"end":{"line":408,"column":5}}],"line":406},"91":{"loc":{"start":{"line":413,"column":21},"end":{"line":413,"column":64}},"type":"cond-expr","locations":[{"start":{"line":413,"column":39},"end":{"line":413,"column":42}},{"start":{"line":413,"column":45},"end":{"line":413,"column":64}}],"line":413},"92":{"loc":{"start":{"line":414,"column":4},"end":{"line":421,"column":5}},"type":"if","locations":[{"start":{"line":414,"column":4},"end":{"line":421,"column":5}},{"start":{"line":414,"column":4},"end":{"line":421,"column":5}}],"line":414},"93":{"loc":{"start":{"line":414,"column":8},"end":{"line":414,"column":67}},"type":"binary-expr","locations":[{"start":{"line":414,"column":8},"end":{"line":414,"column":30}},{"start":{"line":414,"column":34},"end":{"line":414,"column":67}}],"line":414},"94":{"loc":{"start":{"line":426,"column":4},"end":{"line":428,"column":5}},"type":"if","locations":[{"start":{"line":426,"column":4},"end":{"line":428,"column":5}},{"start":{"line":426,"column":4},"end":{"line":428,"column":5}}],"line":426},"95":{"loc":{"start":{"line":430,"column":4},"end":{"line":432,"column":5}},"type":"if","locations":[{"start":{"line":430,"column":4},"end":{"line":432,"column":5}},{"start":{"line":430,"column":4},"end":{"line":432,"column":5}}],"line":430},"96":{"loc":{"start":{"line":430,"column":8},"end":{"line":430,"column":45}},"type":"binary-expr","locations":[{"start":{"line":430,"column":8},"end":{"line":430,"column":17}},{"start":{"line":430,"column":21},"end":{"line":430,"column":45}}],"line":430},"97":{"loc":{"start":{"line":436,"column":4},"end":{"line":439,"column":8}},"type":"binary-expr","locations":[{"start":{"line":436,"column":4},"end":{"line":436,"column":30}},{"start":{"line":437,"column":9},"end":{"line":439,"column":8}}],"line":436}},"s":{"0":2,"1":2,"2":2,"3":2,"4":2,"5":2,"6":0,"7":0,"8":0,"9":0,"10":0,"11":0,"12":0,"13":0,"14":0,"15":0,"16":0,"17":0,"18":0,"19":0,"20":1,"21":1,"22":1,"23":0,"24":0,"25":1,"26":1,"27":0,"28":0,"29":1,"30":0,"31":0,"32":0,"33":0,"34":1,"35":0,"36":0,"37":0,"38":0,"39":0,"40":1,"41":0,"42":0,"43":0,"44":0,"45":1,"46":1,"47":0,"48":0,"49":1,"50":0,"51":1,"52":0,"53":0,"54":0,"55":0,"56":0,"57":0,"58":0,"59":0,"60":0,"61":0,"62":2,"63":2,"64":0,"65":0,"66":0,"67":0,"68":0,"69":2,"70":0,"71":0,"72":0,"73":0,"74":0,"75":2,"76":0,"77":0,"78":2,"79":0,"80":0,"81":0,"82":0,"83":0,"84":0,"85":0,"86":0,"87":0,"88":2,"89":2,"90":0,"91":2,"92":0,"93":0,"94":0,"95":0,"96":0,"97":0,"98":0,"99":0,"100":2,"101":2,"102":2,"103":2,"104":2,"105":2,"106":2,"107":2,"108":0,"109":0,"110":0,"111":0,"112":0,"113":0,"114":0,"115":0,"116":0,"117":0,"118":0,"119":0,"120":0,"121":0,"122":0,"123":0,"124":0,"125":0,"126":0,"127":0,"128":2,"129":0,"130":2,"131":8,"132":8,"133":2,"134":0,"135":0,"136":4,"137":4,"138":4,"139":0,"140":0,"141":0,"142":0,"143":0,"144":0,"145":0,"146":0,"147":0,"148":0,"149":0,"150":0,"151":0,"152":0,"153":0,"154":0,"155":0,"156":0,"157":0,"158":0,"159":0,"160":0,"161":0,"162":0,"163":0,"164":0,"165":0,"166":0,"167":2},"f":{"0":0,"1":0,"2":0,"3":0,"4":0,"5":0,"6":0,"7":1,"8":1,"9":0,"10":0,"11":0,"12":0,"13":0,"14":0,"15":2,"16":0,"17":0,"18":0,"19":0,"20":0,"21":0,"22":2,"23":0,"24":0,"25":0,"26":2,"27":8,"28":0,"29":0,"30":4,"31":0,"32":0,"33":0,"34":0,"35":0,"36":0},"b":{"0":[0],"1":[0,0],"2":[0],"3":[0,0],"4":[1,0],"5":[0,1],"6":[0,1],"7":[0,0],"8":[0,0],"9":[0,1],"10":[0,0],"11":[0,0],"12":[0,0],"13":[0,1],"14":[0,0],"15":[0,0],"16":[0,0],"17":[0,0],"18":[0,0],"19":[1,0],"20":[1,1],"21":[0,1],"22":[0,0],"23":[1,0],"24":[1,1],"25":[1,0],"26":[0,0],"27":[0,0],"28":[0,0],"29":[0,0],"30":[0,0,0],"31":[2],"32":[0,2],"33":[2,0],"34":[0,0],"35":[0,2],"36":[2,0],"37":[0,0],"38":[0,2],"39":[2,0],"40":[0,0],"41":[0,0],"42":[0,2],"43":[2,0],"44":[0,0],"45":[0,0,0],"46":[0,0],"47":[0,0],"48":[0,0,0],"49":[0,0],"50":[2,2],"51":[0,2],"52":[0],"53":[0,0],"54":[0,0],"55":[0,0],"56":[2],"57":[1,1],"58":[0,2],"59":[1,1],"60":[0,1],"61":[2,2],"62":[2,2],"63":[2,2],"64":[0],"65":[0,0],"66":[0,0],"67":[0,0],"68":[0],"69":[0],"70":[0,0],"71":[0,0,0],"72":[0,0],"73":[0,0],"74":[0,0],"75":[0,0],"76":[0,2],"77":[8,0],"78":[4],"79":[4],"80":[4],"81":[0],"82":[4,0],"83":[4,4,4],"84":[0,0],"85":[0,0],"86":[0,0],"87":[0,0],"88":[0,0],"89":[0,0],"90":[0,0],"91":[0,0],"92":[0,0],"93":[0,0],"94":[0,0],"95":[0,0],"96":[0,0],"97":[0,0]},"_coverageSchema":"1a1c01bbd47fc00a2c39e90264f33305004495a9","hash":"632e2e98ddfe7f55629584fab69511989ee20860"}
,"/Users/faou/Projects/livodoc/api/src/config/csrf.js": {"path":"/Users/faou/Projects/livodoc/api/src/config/csrf.js","statementMap":{},"fnMap":{},"branchMap":{},"s":{},"f":{},"b":{},"_coverageSchema":"1a1c01bbd47fc00a2c39e90264f33305004495a9","hash":"b02fd69f9cc7d768492853da91ec8a1069f65f33"}
,"/Users/faou/Projects/livodoc/api/src/config/default.js": {"path":"/Users/faou/Projects/livodoc/api/src/config/default.js","statementMap":{"0":{"start":{"line":4,"column":0},"end":{"line":6,"column":2}}},"fnMap":{},"branchMap":{},"s":{"0":2},"f":{},"b":{},"_coverageSchema":"1a1c01bbd47fc00a2c39e90264f33305004495a9","hash":"b09f36736f73f8fc53dc2e0a43ca862bf9e4c582"}
,"/Users/faou/Projects/livodoc/api/src/config/errorCodes.js": {"path":"/Users/faou/Projects/livodoc/api/src/config/errorCodes.js","statementMap":{"0":{"start":{"line":1,"column":0},"end":{"line":590,"column":2}}},"fnMap":{},"branchMap":{},"s":{"0":2},"f":{},"b":{},"_coverageSchema":"1a1c01bbd47fc00a2c39e90264f33305004495a9","hash":"8d68399cfe891b5075ab0c656cc7dd12e4c7645c"}
,"/Users/faou/Projects/livodoc/api/src/config/framework.js": {"path":"/Users/faou/Projects/livodoc/api/src/config/framework.js","statementMap":{"0":{"start":{"line":1,"column":0},"end":{"line":42,"column":2}}},"fnMap":{},"branchMap":{},"s":{"0":2},"f":{},"b":{},"_coverageSchema":"1a1c01bbd47fc00a2c39e90264f33305004495a9","hash":"2753ea26ebd348f92a1aea5707e2f653b2238e2c"}
,"/Users/faou/Projects/livodoc/api/src/config/i18n.js": {"path":"/Users/faou/Projects/livodoc/api/src/config/i18n.js","statementMap":{"0":{"start":{"line":17,"column":0},"end":{"line":62,"column":2}}},"fnMap":{},"branchMap":{},"s":{"0":2},"f":{},"b":{},"_coverageSchema":"1a1c01bbd47fc00a2c39e90264f33305004495a9","hash":"ffce893845d2c2d71c74d97652d9c04587123a16"}
,"/Users/faou/Projects/livodoc/api/src/config/local.js": {"path":"/Users/faou/Projects/livodoc/api/src/config/local.js","statementMap":{"0":{"start":{"line":4,"column":0},"end":{"line":59,"column":2}}},"fnMap":{},"branchMap":{"0":{"loc":{"start":{"line":5,"column":8},"end":{"line":5,"column":32}},"type":"binary-expr","locations":[{"start":{"line":5,"column":8},"end":{"line":5,"column":24}},{"start":{"line":5,"column":28},"end":{"line":5,"column":32}}],"line":5},"1":{"loc":{"start":{"line":6,"column":15},"end":{"line":6,"column":52}},"type":"binary-expr","locations":[{"start":{"line":6,"column":15},"end":{"line":6,"column":35}},{"start":{"line":6,"column":39},"end":{"line":6,"column":52}}],"line":6},"2":{"loc":{"start":{"line":18,"column":10},"end":{"line":18,"column":50}},"type":"binary-expr","locations":[{"start":{"line":18,"column":10},"end":{"line":18,"column":35}},{"start":{"line":18,"column":39},"end":{"line":18,"column":50}}],"line":18},"3":{"loc":{"start":{"line":19,"column":14},"end":{"line":19,"column":52}},"type":"binary-expr","locations":[{"start":{"line":19,"column":14},"end":{"line":19,"column":39}},{"start":{"line":19,"column":43},"end":{"line":19,"column":52}}],"line":19},"4":{"loc":{"start":{"line":20,"column":10},"end":{"line":20,"column":43}},"type":"binary-expr","locations":[{"start":{"line":20,"column":10},"end":{"line":20,"column":35}},{"start":{"line":20,"column":39},"end":{"line":20,"column":43}}],"line":20},"5":{"loc":{"start":{"line":24,"column":15},"end":{"line":24,"column":66}},"type":"cond-expr","locations":[{"start":{"line":24,"column":47},"end":{"line":24,"column":52}},{"start":{"line":24,"column":55},"end":{"line":24,"column":66}}],"line":24}},"s":{"0":2},"f":{},"b":{"0":[2,0],"1":[2,0],"2":[2,2],"3":[2,0],"4":[2,2],"5":[2,0]},"_coverageSchema":"1a1c01bbd47fc00a2c39e90264f33305004495a9","hash":"a87c861dbe1f862a0a2bd43fefe1d603db4f9ced"}
,"/Users/faou/Projects/livodoc/api/src/config/logger.js": {"path":"/Users/faou/Projects/livodoc/api/src/config/logger.js","statementMap":{"0":{"start":{"line":1,"column":0},"end":{"line":5,"column":2}}},"fnMap":{},"branchMap":{},"s":{"0":2},"f":{},"b":{},"_coverageSchema":"1a1c01bbd47fc00a2c39e90264f33305004495a9","hash":"1ee811beee0e260b2eec448e0b26da7a31e07436"}
,"/Users/faou/Projects/livodoc/api/src/config/policies.js": {"path":"/Users/faou/Projects/livodoc/api/src/config/policies.js","statementMap":{"0":{"start":{"line":19,"column":0},"end":{"line":56,"column":2}}},"fnMap":{},"branchMap":{},"s":{"0":2},"f":{},"b":{},"_coverageSchema":"1a1c01bbd47fc00a2c39e90264f33305004495a9","hash":"7f75936a4a2f75a6a8cd9f505ccf04024f50a697"}
,"/Users/faou/Projects/livodoc/api/src/config/routes.js": {"path":"/Users/faou/Projects/livodoc/api/src/config/routes.js","statementMap":{"0":{"start":{"line":11,"column":0},"end":{"line":173,"column":2}},"1":{"start":{"line":50,"column":28},"end":{"line":50,"column":45}}},"fnMap":{"0":{"name":"(anonymous_0)","decl":{"start":{"line":50,"column":14},"end":{"line":50,"column":15}},"loc":{"start":{"line":50,"column":28},"end":{"line":50,"column":45}},"line":50}},"branchMap":{"0":{"loc":{"start":{"line":48,"column":17},"end":{"line":48,"column":76}},"type":"cond-expr","locations":[{"start":{"line":48,"column":58},"end":{"line":48,"column":67}},{"start":{"line":48,"column":70},"end":{"line":48,"column":76}}],"line":48}},"s":{"0":2,"1":0},"f":{"0":0},"b":{"0":[2,0]},"_coverageSchema":"1a1c01bbd47fc00a2c39e90264f33305004495a9","hash":"6d82408ad847b96b6a08627e58db8f30dd1d78b8"}
,"/Users/faou/Projects/livodoc/api/src/config/security.js": {"path":"/Users/faou/Projects/livodoc/api/src/config/security.js","statementMap":{"0":{"start":{"line":4,"column":0},"end":{"line":62,"column":2}}},"fnMap":{},"branchMap":{},"s":{"0":2},"f":{},"b":{},"_coverageSchema":"1a1c01bbd47fc00a2c39e90264f33305004495a9","hash":"0537dfdc7f8f148b5462af3d73e9efbe11a2c7cd"}
,"/Users/faou/Projects/livodoc/api/src/config/sockets.js": {"path":"/Users/faou/Projects/livodoc/api/src/config/sockets.js","statementMap":{"0":{"start":{"line":13,"column":0},"end":{"line":150,"column":2}}},"fnMap":{},"branchMap":{},"s":{"0":2},"f":{},"b":{},"_coverageSchema":"1a1c01bbd47fc00a2c39e90264f33305004495a9","hash":"c53762d6802c32f28dd9eb506606a198dc70f3d8"}
,"/Users/faou/Projects/livodoc/api/src/config/sqldb.js": {"path":"/Users/faou/Projects/livodoc/api/src/config/sqldb.js","statementMap":{"0":{"start":{"line":1,"column":0},"end":{"line":14,"column":2}}},"fnMap":{},"branchMap":{"0":{"loc":{"start":{"line":11,"column":15},"end":{"line":11,"column":66}},"type":"cond-expr","locations":[{"start":{"line":11,"column":47},"end":{"line":11,"column":52}},{"start":{"line":11,"column":55},"end":{"line":11,"column":66}}],"line":11}},"s":{"0":2},"f":{},"b":{"0":[2,0]},"_coverageSchema":"1a1c01bbd47fc00a2c39e90264f33305004495a9","hash":"8f8274dea7e430b9e191d7638a18212acf699b43"}
,"/Users/faou/Projects/livodoc/api/src/config/swagger.js": {"path":"/Users/faou/Projects/livodoc/api/src/config/swagger.js","statementMap":{"0":{"start":{"line":1,"column":0},"end":{"line":28,"column":2}}},"fnMap":{},"branchMap":{},"s":{"0":2},"f":{},"b":{},"_coverageSchema":"1a1c01bbd47fc00a2c39e90264f33305004495a9","hash":"a3e7852371e982cb202632d7abcd4230cf52347a"}
,"/Users/faou/Projects/livodoc/api/src/config/views.js": {"path":"/Users/faou/Projects/livodoc/api/src/config/views.js","statementMap":{"0":{"start":{"line":13,"column":0},"end":{"line":88,"column":2}}},"fnMap":{},"branchMap":{},"s":{"0":2},"f":{},"b":{},"_coverageSchema":"1a1c01bbd47fc00a2c39e90264f33305004495a9","hash":"32a763dc06571187547bea8ed74c11bc49a8d101"}
}
