TN:
SF:src/bootstrap.js
FN:6,(anonymous_0)
FN:7,(anonymous_1)
FN:18,(anonymous_2)
FN:18,(anonymous_3)
FNF:4
FNH:4
FNDA:1,(anonymous_0)
FNDA:1,(anonymous_1)
FNDA:1,(anonymous_2)
FNDA:1,(anonymous_3)
DA:1,1
DA:3,1
DA:6,1
DA:7,1
DA:10,1
DA:11,1
DA:13,0
DA:18,1
DA:21,1
DA:22,1
DA:23,1
DA:24,1
DA:25,0
DA:27,1
DA:29,0
LF:15
LH:12
BRDA:24,0,0,0
BRDA:24,0,1,1
BRF:2
BRH:1
end_of_record
TN:
SF:src/middlewares.js
FN:11,(anonymous_0)
FNF:1
FNH:1
FNDA:19,(anonymous_0)
DA:1,1
DA:2,1
DA:3,1
DA:4,1
DA:5,1
DA:7,1
DA:8,1
DA:12,19
DA:21,1
LF:9
LH:9
BRF:0
BRH:0
end_of_record
TN:
SF:src/server.js
FNF:0
FNH:0
DA:1,1
DA:2,1
DA:3,1
DA:5,1
DA:6,1
DA:10,1
DA:12,1
DA:16,1
DA:20,1
DA:21,1
DA:24,1
DA:31,1
DA:34,1
LF:13
LH:13
BRDA:16,0,0,1
BRDA:16,0,1,0
BRDA:16,0,2,0
BRDA:16,1,0,1
BRDA:16,1,1,0
BRF:5
BRH:2
end_of_record
TN:
SF:src/api/controllers/PageController.js
FN:35,(anonymous_0)
FN:42,(anonymous_1)
FN:48,(anonymous_2)
FN:55,(anonymous_3)
FN:70,(anonymous_4)
FN:85,(anonymous_5)
FN:92,(anonymous_6)
FN:99,(anonymous_7)
FN:106,(anonymous_8)
FNF:9
FNH:0
FNDA:0,(anonymous_0)
FNDA:0,(anonymous_1)
FNDA:0,(anonymous_2)
FNDA:0,(anonymous_3)
FNDA:0,(anonymous_4)
FNDA:0,(anonymous_5)
FNDA:0,(anonymous_6)
FNDA:0,(anonymous_7)
FNDA:0,(anonymous_8)
DA:20,1
DA:31,1
DA:32,1
DA:39,0
DA:45,0
DA:52,0
DA:59,0
DA:74,0
DA:89,0
DA:96,0
DA:103,0
DA:110,0
DA:114,1
LF:13
LH:4
BRF:0
BRH:0
end_of_record
TN:
SF:src/api/controllers/core/AppController.js
FN:21,(anonymous_0)
FN:27,(anonymous_1)
FN:39,(anonymous_2)
FN:43,(anonymous_3)
FN:54,(anonymous_4)
FN:66,(anonymous_5)
FN:71,(anonymous_6)
FNF:7
FNH:0
FNDA:0,(anonymous_0)
FNDA:0,(anonymous_1)
FNDA:0,(anonymous_2)
FNDA:0,(anonymous_3)
FNDA:0,(anonymous_4)
FNDA:0,(anonymous_5)
FNDA:0,(anonymous_6)
DA:7,1
DA:8,1
DA:9,1
DA:10,1
DA:12,1
DA:13,1
DA:22,0
DA:28,0
DA:40,0
DA:44,0
DA:55,0
DA:56,0
DA:67,0
DA:68,0
DA:72,0
DA:73,0
DA:75,0
DA:76,0
DA:84,1
LF:19
LH:7
BRF:0
BRH:0
end_of_record
TN:
SF:src/api/controllers/core/AuthController.js
FN:40,(anonymous_0)
FN:55,(anonymous_1)
FN:78,(anonymous_2)
FN:98,(anonymous_3)
FN:120,(anonymous_4)
FN:149,(anonymous_5)
FN:150,(anonymous_6)
FN:179,(anonymous_7)
FN:194,(anonymous_8)
FN:222,(anonymous_9)
FN:234,(anonymous_10)
FN:272,(anonymous_11)
FN:291,(anonymous_12)
FN:299,(anonymous_13)
FN:339,(anonymous_14)
FN:344,(anonymous_15)
FN:348,(anonymous_16)
FN:362,(anonymous_17)
FN:371,(anonymous_18)
FN:393,(anonymous_19)
FN:401,(anonymous_20)
FN:406,(anonymous_21)
FN:440,(anonymous_22)
FN:446,(anonymous_23)
FN:452,(anonymous_24)
FN:462,(anonymous_25)
FN:493,(anonymous_26)
FN:508,(anonymous_27)
FN:546,(anonymous_28)
FN:552,(anonymous_29)
FNF:30
FNH:0
FNDA:0,(anonymous_0)
FNDA:0,(anonymous_1)
FNDA:0,(anonymous_2)
FNDA:0,(anonymous_3)
FNDA:0,(anonymous_4)
FNDA:0,(anonymous_5)
FNDA:0,(anonymous_6)
FNDA:0,(anonymous_7)
FNDA:0,(anonymous_8)
FNDA:0,(anonymous_9)
FNDA:0,(anonymous_10)
FNDA:0,(anonymous_11)
FNDA:0,(anonymous_12)
FNDA:0,(anonymous_13)
FNDA:0,(anonymous_14)
FNDA:0,(anonymous_15)
FNDA:0,(anonymous_16)
FNDA:0,(anonymous_17)
FNDA:0,(anonymous_18)
FNDA:0,(anonymous_19)
FNDA:0,(anonymous_20)
FNDA:0,(anonymous_21)
FNDA:0,(anonymous_22)
FNDA:0,(anonymous_23)
FNDA:0,(anonymous_24)
FNDA:0,(anonymous_25)
FNDA:0,(anonymous_26)
FNDA:0,(anonymous_27)
FNDA:0,(anonymous_28)
FNDA:0,(anonymous_29)
DA:11,1
DA:12,1
DA:13,1
DA:15,1
DA:16,1
DA:17,1
DA:19,1
DA:20,1
DA:22,1
DA:26,1
DA:41,0
DA:42,0
DA:46,0
DA:49,0
DA:56,0
DA:59,0
DA:60,0
DA:62,0
DA:63,0
DA:69,0
DA:73,0
DA:79,0
DA:80,0
DA:99,0
DA:100,0
DA:102,0
DA:103,0
DA:109,0
DA:110,0
DA:116,0
DA:121,0
DA:122,0
DA:129,0
DA:130,0
DA:137,0
DA:149,0
DA:151,0
DA:152,0
DA:180,0
DA:182,0
DA:183,0
DA:190,0
DA:195,0
DA:196,0
DA:197,0
DA:204,0
DA:205,0
DA:206,0
DA:207,0
DA:209,0
DA:210,0
DA:223,0
DA:224,0
DA:229,0
DA:232,0
DA:235,0
DA:236,0
DA:273,0
DA:274,0
DA:276,0
DA:278,0
DA:279,0
DA:285,0
DA:292,0
DA:293,0
DA:294,0
DA:297,0
DA:300,0
DA:301,0
DA:304,0
DA:305,0
DA:308,0
DA:309,0
DA:312,0
DA:313,0
DA:314,0
DA:316,0
DA:320,0
DA:321,0
DA:322,0
DA:323,0
DA:326,0
DA:327,0
DA:328,0
DA:330,0
DA:332,0
DA:340,0
DA:341,0
DA:344,0
DA:349,0
DA:350,0
DA:356,0
DA:358,0
DA:363,0
DA:364,0
DA:368,0
DA:370,0
DA:372,0
DA:373,0
DA:376,0
DA:378,0
DA:387,0
DA:394,0
DA:395,0
DA:396,0
DA:401,0
DA:407,0
DA:408,0
DA:410,0
DA:411,0
DA:412,0
DA:414,0
DA:419,0
DA:421,0
DA:422,0
DA:423,0
DA:426,0
DA:427,0
DA:428,0
DA:430,0
DA:437,0
DA:441,0
DA:447,0
DA:448,0
DA:454,0
DA:455,0
DA:459,0
DA:461,0
DA:463,0
DA:465,0
DA:467,0
DA:468,0
DA:471,0
DA:473,0
DA:474,0
DA:477,0
DA:486,0
DA:494,0
DA:495,0
DA:497,0
DA:500,0
DA:506,0
DA:509,0
DA:510,0
DA:512,0
DA:513,0
DA:514,0
DA:516,0
DA:521,0
DA:523,0
DA:524,0
DA:527,0
DA:528,0
DA:529,0
DA:532,0
DA:533,0
DA:534,0
DA:536,0
DA:543,0
DA:547,0
DA:553,0
DA:554,0
LF:162
LH:10
BRDA:41,0,0,0
BRDA:41,0,1,0
BRDA:41,1,0,0
BRDA:41,1,1,0
BRDA:56,2,0,0
BRDA:56,2,1,0
BRDA:59,3,0,0
BRDA:59,3,1,0
BRDA:59,4,0,0
BRDA:59,4,1,0
BRDA:102,5,0,0
BRDA:102,5,1,0
BRDA:109,6,0,0
BRDA:109,6,1,0
BRDA:121,7,0,0
BRDA:121,7,1,0
BRDA:129,8,0,0
BRDA:129,8,1,0
BRDA:180,9,0,0
BRDA:180,9,1,0
BRDA:182,10,0,0
BRDA:182,10,1,0
BRDA:196,11,0,0
BRDA:196,11,1,0
BRDA:223,12,0,0
BRDA:223,12,1,0
BRDA:278,13,0,0
BRDA:278,13,1,0
BRDA:278,14,0,0
BRDA:278,14,1,0
BRDA:293,15,0,0
BRDA:293,15,1,0
BRDA:300,16,0,0
BRDA:300,16,1,0
BRDA:304,17,0,0
BRDA:304,17,1,0
BRDA:304,18,0,0
BRDA:304,18,1,0
BRDA:308,19,0,0
BRDA:308,19,1,0
BRDA:312,20,0,0
BRDA:312,20,1,0
BRDA:321,21,0,0
BRDA:321,21,1,0
BRDA:340,22,0,0
BRDA:340,22,1,0
BRDA:349,23,0,0
BRDA:349,23,1,0
BRDA:372,24,0,0
BRDA:372,24,1,0
BRDA:394,25,0,0
BRDA:394,25,1,0
BRDA:407,26,0,0
BRDA:407,26,1,0
BRDA:410,27,0,0
BRDA:410,27,1,0
BRDA:410,28,0,0
BRDA:410,28,1,0
BRDA:421,29,0,0
BRDA:421,29,1,0
BRDA:447,30,0,0
BRDA:447,30,1,0
BRDA:447,31,0,0
BRDA:447,31,1,0
BRDA:467,32,0,0
BRDA:467,32,1,0
BRDA:473,33,0,0
BRDA:473,33,1,0
BRDA:473,34,0,0
BRDA:473,34,1,0
BRDA:494,35,0,0
BRDA:494,35,1,0
BRDA:509,36,0,0
BRDA:509,36,1,0
BRDA:512,37,0,0
BRDA:512,37,1,0
BRDA:512,38,0,0
BRDA:512,38,1,0
BRDA:523,39,0,0
BRDA:523,39,1,0
BRDA:527,40,0,0
BRDA:527,40,1,0
BRDA:553,41,0,0
BRDA:553,41,1,0
BRDA:553,42,0,0
BRDA:553,42,1,0
BRF:86
BRH:0
end_of_record
TN:
SF:src/api/controllers/core/UserSqlController.js
FN:22,(anonymous_0)
FN:59,(anonymous_1)
FN:94,(anonymous_2)
FN:112,(anonymous_3)
FN:120,(anonymous_4)
FN:135,(anonymous_5)
FN:151,(anonymous_6)
FN:162,(anonymous_7)
FN:176,(anonymous_8)
FN:185,(anonymous_9)
FN:201,(anonymous_10)
FN:228,(anonymous_11)
FN:236,(anonymous_12)
FN:260,(anonymous_13)
FN:284,(anonymous_14)
FN:290,(anonymous_15)
FN:300,(anonymous_16)
FN:306,(anonymous_17)
FN:313,(anonymous_18)
FN:335,(anonymous_19)
FN:366,(anonymous_20)
FN:369,(anonymous_21)
FN:382,(anonymous_22)
FN:399,(anonymous_23)
FN:426,(anonymous_24)
FN:447,(anonymous_25)
FN:478,(anonymous_26)
FN:486,(anonymous_27)
FN:497,(anonymous_28)
FN:507,(anonymous_29)
FN:512,(anonymous_30)
FN:542,(anonymous_31)
FN:599,(anonymous_32)
FN:608,(anonymous_33)
FN:619,(anonymous_34)
FN:623,(anonymous_35)
FN:633,(anonymous_36)
FN:638,(anonymous_37)
FN:644,(anonymous_38)
FN:662,(anonymous_39)
FN:668,(anonymous_40)
FN:673,(anonymous_41)
FN:687,(anonymous_42)
FN:698,(anonymous_43)
FN:702,(anonymous_44)
FN:725,(anonymous_45)
FN:728,(anonymous_46)
FNF:47
FNH:19
FNDA:0,(anonymous_0)
FNDA:6,(anonymous_1)
FNDA:3,(anonymous_2)
FNDA:3,(anonymous_3)
FNDA:3,(anonymous_4)
FNDA:3,(anonymous_5)
FNDA:3,(anonymous_6)
FNDA:3,(anonymous_7)
FNDA:0,(anonymous_8)
FNDA:0,(anonymous_9)
FNDA:0,(anonymous_10)
FNDA:0,(anonymous_11)
FNDA:0,(anonymous_12)
FNDA:0,(anonymous_13)
FNDA:0,(anonymous_14)
FNDA:0,(anonymous_15)
FNDA:0,(anonymous_16)
FNDA:0,(anonymous_17)
FNDA:0,(anonymous_18)
FNDA:2,(anonymous_19)
FNDA:2,(anonymous_20)
FNDA:8,(anonymous_21)
FNDA:4,(anonymous_22)
FNDA:0,(anonymous_23)
FNDA:3,(anonymous_24)
FNDA:3,(anonymous_25)
FNDA:0,(anonymous_26)
FNDA:0,(anonymous_27)
FNDA:0,(anonymous_28)
FNDA:0,(anonymous_29)
FNDA:1,(anonymous_30)
FNDA:1,(anonymous_31)
FNDA:0,(anonymous_32)
FNDA:0,(anonymous_33)
FNDA:0,(anonymous_34)
FNDA:0,(anonymous_35)
FNDA:1,(anonymous_36)
FNDA:3,(anonymous_37)
FNDA:3,(anonymous_38)
FNDA:1,(anonymous_39)
FNDA:0,(anonymous_40)
FNDA:0,(anonymous_41)
FNDA:0,(anonymous_42)
FNDA:0,(anonymous_43)
FNDA:0,(anonymous_44)
FNDA:0,(anonymous_45)
FNDA:0,(anonymous_46)
DA:8,2
DA:9,2
DA:10,2
DA:12,2
DA:13,2
DA:15,2
DA:17,2
DA:21,2
DA:23,0
DA:24,0
DA:25,0
DA:27,0
DA:28,0
DA:29,0
DA:30,0
DA:31,0
DA:32,0
DA:33,0
DA:34,0
DA:61,6
DA:62,1
DA:68,5
DA:69,2
DA:75,3
DA:76,3
DA:77,0
DA:82,3
DA:85,3
DA:86,3
DA:87,3
DA:88,3
DA:95,3
DA:96,0
DA:104,3
DA:105,3
DA:107,3
DA:110,3
DA:113,3
DA:114,3
DA:118,0
DA:121,3
DA:122,3
DA:124,3
DA:125,3
DA:126,3
DA:128,0
DA:131,3
DA:133,0
DA:137,3
DA:138,0
DA:139,0
DA:141,3
DA:142,3
DA:145,3
DA:152,3
DA:157,0
DA:159,3
DA:163,3
DA:164,3
DA:165,3
DA:170,0
DA:177,0
DA:178,0
DA:186,0
DA:188,0
DA:189,0
DA:195,0
DA:202,0
DA:203,0
DA:210,0
DA:216,0
DA:223,0
DA:229,0
DA:237,0
DA:239,0
DA:240,0
DA:246,0
DA:247,0
DA:254,0
DA:261,0
DA:262,0
DA:268,0
DA:269,0
DA:275,0
DA:281,0
DA:282,0
DA:285,0
DA:291,0
DA:292,0
DA:293,0
DA:301,0
DA:307,0
DA:308,0
DA:314,0
DA:336,2
DA:338,2
DA:343,2
DA:345,2
DA:346,0
DA:350,2
DA:351,0
DA:355,2
DA:357,2
DA:368,2
DA:369,2
DA:370,8
DA:371,8
DA:372,0
DA:373,0
DA:375,0
DA:378,8
DA:381,2
DA:382,4
DA:388,2
DA:395,0
DA:400,0
DA:427,3
DA:428,3
DA:429,0
DA:430,0
DA:433,3
DA:434,3
DA:436,3
DA:441,3
DA:442,0
DA:445,3
DA:448,3
DA:449,2
DA:455,1
DA:456,0
DA:457,0
DA:459,0
DA:463,1
DA:464,0
DA:472,1
DA:473,1
DA:474,1
DA:479,0
DA:487,0
DA:488,0
DA:489,0
DA:490,0
DA:495,0
DA:498,0
DA:499,0
DA:503,0
DA:508,0
DA:514,1
DA:516,1
DA:518,1
DA:519,0
DA:520,0
DA:527,1
DA:528,0
DA:529,0
DA:534,0
DA:537,1
DA:543,1
DA:544,1
DA:553,0
DA:555,0
DA:556,0
DA:559,0
DA:560,0
DA:561,0
DA:563,0
DA:568,0
DA:571,0
DA:572,0
DA:574,0
DA:579,0
DA:582,0
DA:584,0
DA:589,0
DA:590,0
DA:593,0
DA:594,0
DA:597,0
DA:600,0
DA:601,0
DA:609,0
DA:610,0
DA:611,0
DA:612,0
DA:614,0
DA:619,0
DA:624,0
DA:626,0
DA:629,0
DA:634,1
DA:639,3
DA:641,3
DA:642,3
DA:645,3
DA:646,2
DA:652,1
DA:654,1
DA:663,1
DA:669,0
DA:674,0
DA:675,0
DA:676,0
DA:677,0
DA:681,0
DA:682,0
DA:684,0
DA:685,0
DA:688,0
DA:689,0
DA:692,0
DA:694,0
DA:695,0
DA:698,0
DA:703,0
DA:704,0
DA:706,0
DA:718,0
DA:725,0
DA:729,0
LF:219
LH:86
BRDA:17,0,0,1
BRDA:17,0,1,1
BRDA:17,1,0,2
BRDA:17,1,1,1
BRDA:17,1,2,1
BRDA:23,2,0,0
BRDA:23,2,1,0
BRDA:61,3,0,1
BRDA:61,3,1,5
BRDA:68,4,0,2
BRDA:68,4,1,3
BRDA:75,5,0,3
BRDA:75,5,1,0
BRDA:76,6,0,0
BRDA:76,6,1,3
BRDA:95,7,0,0
BRDA:95,7,1,3
BRDA:104,8,0,3
BRDA:104,8,1,0
BRDA:107,9,0,3
BRDA:107,9,1,3
BRDA:113,10,0,3
BRDA:113,10,1,0
BRDA:121,11,0,3
BRDA:121,11,1,0
BRDA:121,12,0,3
BRDA:121,12,1,3
BRDA:124,13,0,3
BRDA:124,13,1,0
BRDA:124,14,0,3
BRDA:124,14,1,3
BRDA:137,15,0,0
BRDA:137,15,1,3
BRDA:152,16,0,0
BRDA:152,16,1,3
BRDA:153,17,0,3
BRDA:153,17,1,3
BRDA:153,17,2,3
BRDA:164,18,0,3
BRDA:164,18,1,0
BRDA:177,19,0,0
BRDA:177,19,1,0
BRDA:177,20,0,0
BRDA:177,20,1,0
BRDA:188,21,0,0
BRDA:188,21,1,0
BRDA:202,22,0,0
BRDA:202,22,1,0
BRDA:210,23,0,0
BRDA:210,23,1,0
BRDA:211,24,0,0
BRDA:211,24,1,0
BRDA:229,25,0,0
BRDA:229,25,1,0
BRDA:230,26,0,0
BRDA:230,26,1,0
BRDA:231,27,0,0
BRDA:231,27,1,0
BRDA:239,28,0,0
BRDA:239,28,1,0
BRDA:246,29,0,0
BRDA:246,29,1,0
BRDA:261,30,0,0
BRDA:261,30,1,0
BRDA:261,31,0,0
BRDA:261,31,1,0
BRDA:269,32,0,0
BRDA:269,32,1,0
BRDA:270,33,0,0
BRDA:270,33,1,0
BRDA:285,34,0,0
BRDA:285,34,1,0
BRDA:286,35,0,0
BRDA:286,35,1,0
BRDA:287,36,0,0
BRDA:287,36,1,0
BRDA:291,37,0,0
BRDA:291,37,1,0
BRDA:301,38,0,0
BRDA:301,38,1,0
BRDA:302,39,0,0
BRDA:302,39,1,0
BRDA:303,40,0,0
BRDA:303,40,1,0
BRDA:307,41,0,0
BRDA:307,41,1,0
BRDA:345,42,0,0
BRDA:345,42,1,2
BRDA:350,43,0,0
BRDA:350,43,1,2
BRDA:368,44,0,2
BRDA:368,44,1,0
BRDA:368,45,0,2
BRDA:368,45,1,2
BRDA:371,46,0,0
BRDA:371,46,1,8
BRDA:371,47,0,8
BRDA:371,47,1,0
BRDA:381,48,0,1
BRDA:381,48,1,1
BRDA:428,49,0,0
BRDA:428,49,1,3
BRDA:429,50,0,0
BRDA:429,50,1,0
BRDA:433,51,0,0
BRDA:433,51,1,3
BRDA:441,52,0,0
BRDA:441,52,1,3
BRDA:448,53,0,2
BRDA:448,53,1,1
BRDA:455,54,0,0
BRDA:455,54,1,1
BRDA:455,55,0,1
BRDA:455,55,1,0
BRDA:463,56,0,0
BRDA:463,56,1,1
BRDA:489,57,0,0
BRDA:489,57,1,0
BRDA:489,58,0,0
BRDA:489,58,1,0
BRDA:496,59,0,0
BRDA:496,59,1,0
BRDA:498,60,0,0
BRDA:498,60,1,0
BRDA:518,61,0,0
BRDA:518,61,1,1
BRDA:519,62,0,0
BRDA:519,62,1,0
BRDA:527,63,0,0
BRDA:527,63,1,1
BRDA:528,64,0,0
BRDA:528,64,1,0
BRDA:543,65,0,1
BRDA:543,65,1,0
BRDA:555,66,0,0
BRDA:555,66,1,0
BRDA:559,67,0,0
BRDA:559,67,1,0
BRDA:571,68,0,0
BRDA:571,68,1,0
BRDA:571,69,0,0
BRDA:571,69,1,0
BRDA:574,70,0,0
BRDA:574,70,1,0
BRDA:575,71,0,0
BRDA:575,71,1,0
BRDA:575,71,2,0
BRDA:589,72,0,0
BRDA:589,72,1,0
BRDA:593,73,0,0
BRDA:593,73,1,0
BRDA:600,74,0,0
BRDA:600,74,1,0
BRDA:609,75,0,0
BRDA:609,75,1,0
BRDA:610,76,0,0
BRDA:610,76,1,0
BRDA:610,77,0,0
BRDA:610,77,1,0
BRDA:624,78,0,0
BRDA:624,78,1,0
BRDA:645,79,0,2
BRDA:645,79,1,1
BRDA:675,80,0,0
BRDA:675,80,1,0
BRDA:676,81,0,0
BRDA:676,81,1,0
BRDA:688,82,0,0
BRDA:688,82,1,0
BRDA:694,83,0,0
BRDA:694,83,1,0
BRDA:703,84,0,0
BRDA:703,84,1,0
BRF:173
BRH:50
end_of_record
TN:
SF:src/api/models/schema/Admin.js
FNF:0
FNH:0
DA:1,1
LF:1
LH:1
BRF:0
BRH:0
end_of_record
TN:
SF:src/api/models/schema/AxelModelConfig.js
FNF:0
FNH:0
DA:3,1
LF:1
LH:1
BRF:0
BRH:0
end_of_record
TN:
SF:src/api/models/schema/AxelModelFieldConfig.js
FNF:0
FNH:0
DA:3,1
LF:1
LH:1
BRF:0
BRH:0
end_of_record
TN:
SF:src/api/models/schema/Badge.js
FNF:0
FNH:0
DA:3,1
LF:1
LH:1
BRF:0
BRH:0
end_of_record
TN:
SF:src/api/models/schema/Doctor.js
FNF:0
FNH:0
DA:3,1
LF:1
LH:1
BRF:0
BRH:0
end_of_record
TN:
SF:src/api/models/schema/Goal.js
FNF:0
FNH:0
DA:3,1
LF:1
LH:1
BRF:0
BRH:0
end_of_record
TN:
SF:src/api/models/schema/Indicator.js
FNF:0
FNH:0
DA:3,1
LF:1
LH:1
BRF:0
BRH:0
end_of_record
TN:
SF:src/api/models/schema/Notification.js
FNF:0
FNH:0
DA:3,1
LF:1
LH:1
BRF:0
BRH:0
end_of_record
TN:
SF:src/api/models/schema/Patient.js
FNF:0
FNH:0
DA:3,1
LF:1
LH:1
BRF:0
BRH:0
end_of_record
TN:
SF:src/api/models/schema/PatientBadge.js
FNF:0
FNH:0
DA:3,1
LF:1
LH:1
BRF:0
BRH:0
end_of_record
TN:
SF:src/api/models/schema/PatientFavorite.js
FNF:0
FNH:0
DA:3,1
LF:1
LH:1
BRF:0
BRH:0
end_of_record
TN:
SF:src/api/models/schema/PatientProgram.js
FNF:0
FNH:0
DA:3,1
LF:1
LH:1
BRF:0
BRH:0
end_of_record
TN:
SF:src/api/models/schema/Quizz.js
FNF:0
FNH:0
DA:3,1
LF:1
LH:1
BRF:0
BRH:0
end_of_record
TN:
SF:src/api/models/schema/QuizzResult.js
FNF:0
FNH:0
DA:3,1
LF:1
LH:1
BRF:0
BRH:0
end_of_record
TN:
SF:src/api/models/schema/User.js
FNF:0
FNH:0
DA:1,2
LF:1
LH:1
BRF:0
BRH:0
end_of_record
TN:
SF:src/api/models/schema/WebsiteSetting.js
FNF:0
FNH:0
DA:3,1
LF:1
LH:1
BRF:0
BRH:0
end_of_record
TN:
SF:src/api/models/schema/WorkshopSection.js
FNF:0
FNH:0
DA:3,1
LF:1
LH:1
BRF:0
BRH:0
end_of_record
TN:
SF:src/api/models/schema/WorkshopSectionChapter.js
FNF:0
FNH:0
DA:3,1
LF:1
LH:1
BRF:0
BRH:0
end_of_record
TN:
SF:src/api/models/schema/WorkshopSectionQuizz.js
FNF:0
FNH:0
DA:3,1
LF:1
LH:1
BRF:0
BRH:0
end_of_record
TN:
SF:src/api/models/sequelize/Admin.js
FN:30,(anonymous_0)
FNF:1
FNH:1
FNDA:1,(anonymous_0)
DA:2,1
DA:4,1
DA:7,1
LF:3
LH:3
BRF:0
BRH:0
end_of_record
TN:
SF:src/api/models/sequelize/AxelModelConfig.js
FN:63,(anonymous_0)
FNF:1
FNH:1
FNDA:1,(anonymous_0)
DA:2,1
DA:4,1
DA:7,1
LF:3
LH:3
BRF:0
BRH:0
end_of_record
TN:
SF:src/api/models/sequelize/AxelModelFieldConfig.js
FN:58,(anonymous_0)
FNF:1
FNH:1
FNDA:1,(anonymous_0)
DA:2,1
DA:4,1
DA:7,1
LF:3
LH:3
BRF:0
BRH:0
end_of_record
TN:
SF:src/api/models/sequelize/Badge.js
FN:34,(anonymous_0)
FNF:1
FNH:1
FNDA:1,(anonymous_0)
DA:2,1
DA:4,1
DA:7,1
LF:3
LH:3
BRF:0
BRH:0
end_of_record
TN:
SF:src/api/models/sequelize/Doctor.js
FN:38,(anonymous_0)
FNF:1
FNH:1
FNDA:1,(anonymous_0)
DA:2,1
DA:4,1
DA:7,1
LF:3
LH:3
BRF:0
BRH:0
end_of_record
TN:
SF:src/api/models/sequelize/Goal.js
FN:58,(anonymous_0)
FNF:1
FNH:1
FNDA:1,(anonymous_0)
DA:2,1
DA:4,1
DA:7,1
LF:3
LH:3
BRF:0
BRH:0
end_of_record
TN:
SF:src/api/models/sequelize/Indicator.js
FN:66,(anonymous_0)
FNF:1
FNH:1
FNDA:1,(anonymous_0)
DA:2,1
DA:4,1
DA:7,1
LF:3
LH:3
BRF:0
BRH:0
end_of_record
TN:
SF:src/api/models/sequelize/Notification.js
FN:42,(anonymous_0)
FNF:1
FNH:1
FNDA:1,(anonymous_0)
DA:2,1
DA:4,1
DA:7,1
LF:3
LH:3
BRF:0
BRH:0
end_of_record
TN:
SF:src/api/models/sequelize/Patient.js
FN:63,(anonymous_0)
FNF:1
FNH:1
FNDA:1,(anonymous_0)
DA:2,1
DA:4,1
DA:7,1
LF:3
LH:3
BRF:0
BRH:0
end_of_record
TN:
SF:src/api/models/sequelize/PatientBadge.js
FN:26,(anonymous_0)
FNF:1
FNH:1
FNDA:1,(anonymous_0)
DA:2,1
DA:4,1
DA:7,1
LF:3
LH:3
BRF:0
BRH:0
end_of_record
TN:
SF:src/api/models/sequelize/PatientFavorite.js
FN:24,(anonymous_0)
FNF:1
FNH:1
FNDA:1,(anonymous_0)
DA:2,1
DA:4,1
DA:7,1
LF:3
LH:3
BRF:0
BRH:0
end_of_record
TN:
SF:src/api/models/sequelize/PatientProgram.js
FN:30,(anonymous_0)
FNF:1
FNH:1
FNDA:1,(anonymous_0)
DA:2,1
DA:4,1
DA:7,1
LF:3
LH:3
BRF:0
BRH:0
end_of_record
TN:
SF:src/api/models/sequelize/Quizz.js
FN:30,(anonymous_0)
FNF:1
FNH:1
FNDA:1,(anonymous_0)
DA:2,1
DA:4,1
DA:7,1
LF:3
LH:3
BRF:0
BRH:0
end_of_record
TN:
SF:src/api/models/sequelize/QuizzAnwser.js
FN:40,(anonymous_0)
FNF:1
FNH:1
FNDA:1,(anonymous_0)
DA:2,1
DA:4,1
DA:7,1
DA:41,1
DA:45,1
LF:5
LH:5
BRF:0
BRH:0
end_of_record
TN:
SF:src/api/models/sequelize/QuizzQuestion.js
FN:38,(anonymous_0)
FNF:1
FNH:1
FNDA:1,(anonymous_0)
DA:2,1
DA:4,1
DA:7,1
LF:3
LH:3
BRF:0
BRH:0
end_of_record
TN:
SF:src/api/models/sequelize/QuizzResult.js
FN:43,(anonymous_0)
FNF:1
FNH:1
FNDA:1,(anonymous_0)
DA:2,1
DA:4,1
DA:7,1
DA:44,1
DA:48,1
LF:5
LH:5
BRF:0
BRH:0
end_of_record
TN:
SF:src/api/models/sequelize/User.js
FN:88,(anonymous_0)
FNF:1
FNH:1
FNDA:1,(anonymous_0)
DA:2,1
DA:4,1
DA:7,1
DA:89,1
DA:93,1
LF:5
LH:5
BRF:0
BRH:0
end_of_record
TN:
SF:src/api/models/sequelize/WebsiteSetting.js
FN:34,(anonymous_0)
FNF:1
FNH:1
FNDA:1,(anonymous_0)
DA:2,1
DA:4,1
DA:7,1
LF:3
LH:3
BRF:0
BRH:0
end_of_record
TN:
SF:src/api/models/sequelize/WorkshopSection.js
FN:37,(anonymous_0)
FNF:1
FNH:1
FNDA:1,(anonymous_0)
DA:2,1
DA:4,1
DA:7,1
LF:3
LH:3
BRF:0
BRH:0
end_of_record
TN:
SF:src/api/models/sequelize/WorkshopSectionChapter.js
FN:26,(anonymous_0)
FNF:1
FNH:1
FNDA:1,(anonymous_0)
DA:2,1
DA:4,1
DA:7,1
LF:3
LH:3
BRF:0
BRH:0
end_of_record
TN:
SF:src/api/models/sequelize/WorkshopSectionQuizz.js
FN:26,(anonymous_0)
FNF:1
FNH:1
FNDA:1,(anonymous_0)
DA:2,1
DA:4,1
DA:7,1
LF:3
LH:3
BRF:0
BRH:0
end_of_record
TN:
SF:src/api/policies/isAuthorized.js
FN:12,isAuthorized
FN:56,(anonymous_1)
FNF:2
FNH:2
FNDA:13,isAuthorized
FNDA:9,(anonymous_1)
DA:7,1
DA:9,1
DA:10,1
DA:12,1
DA:14,13
DA:18,9
DA:20,0
DA:25,9
DA:26,9
DA:27,9
DA:28,9
DA:30,9
DA:31,9
DA:34,0
DA:39,4
DA:40,0
DA:42,0
DA:44,4
DA:49,9
DA:50,0
DA:56,9
DA:57,9
DA:58,0
DA:59,0
DA:65,9
DA:66,9
LF:26
LH:19
BRDA:14,0,0,9
BRDA:14,0,1,4
BRDA:15,1,0,13
BRDA:15,1,1,13
BRDA:18,2,0,0
BRDA:18,2,1,9
BRDA:26,3,0,9
BRDA:26,3,1,0
BRDA:30,4,0,9
BRDA:30,4,1,0
BRDA:39,5,0,0
BRDA:39,5,1,4
BRDA:49,6,0,0
BRDA:49,6,1,9
BRDA:49,7,0,9
BRDA:49,7,1,9
BRDA:57,8,0,0
BRDA:57,8,1,9
BRDA:58,9,0,0
BRDA:58,9,1,0
BRF:20
BRH:12
end_of_record
TN:
SF:src/api/services/FacebookAuthService.js
FN:3,(anonymous_0)
FN:3,(anonymous_1)
FN:9,(anonymous_2)
FNF:3
FNH:0
FNDA:0,(anonymous_0)
FNDA:0,(anonymous_1)
FNDA:0,(anonymous_2)
DA:1,1
DA:3,1
DA:4,0
DA:10,0
DA:11,0
DA:16,0
DA:17,0
DA:19,0
DA:22,0
DA:23,0
DA:26,0
DA:36,1
LF:12
LH:3
BRDA:10,0,0,0
BRDA:10,0,1,0
BRDA:22,1,0,0
BRDA:22,1,1,0
BRF:4
BRH:0
end_of_record
TN:
SF:src/api/services/GoogleAuthService.js
FN:16,createConnection
FN:24,getConnectionUrl
FN:32,getPeopleApi
FN:36,getGoogleUrl
FN:43,getGoogleAccountFromToken
FNF:5
FNH:0
FNDA:0,createConnection
FNDA:0,getConnectionUrl
FNDA:0,getPeopleApi
FNDA:0,getGoogleUrl
FNDA:0,getGoogleAccountFromToken
DA:1,1
DA:2,1
DA:4,1
DA:9,1
DA:17,0
DA:25,0
DA:33,0
DA:37,0
DA:38,0
DA:39,0
DA:40,0
DA:44,0
DA:45,0
DA:48,0
DA:49,0
DA:51,0
DA:56,0
DA:57,0
DA:60,0
DA:61,0
DA:63,0
DA:72,1
LF:22
LH:5
BRDA:56,0,0,0
BRDA:56,0,1,0
BRDA:56,1,0,0
BRDA:56,1,1,0
BRDA:60,2,0,0
BRDA:60,2,1,0
BRDA:60,2,2,0
BRDA:61,3,0,0
BRDA:61,3,1,0
BRDA:61,3,2,0
BRDA:65,4,0,0
BRDA:65,4,1,0
BRDA:65,4,2,0
BRDA:65,4,3,0
BRDA:67,5,0,0
BRDA:67,5,1,0
BRDA:68,6,0,0
BRDA:68,6,1,0
BRF:18
BRH:0
end_of_record
TN:
SF:src/common/services/MailService.js
FN:9,(anonymous_0)
FN:12,(anonymous_1)
FN:18,(anonymous_2)
FN:23,(anonymous_3)
FN:33,(anonymous_4)
FN:38,(anonymous_5)
FN:48,(anonymous_6)
FN:87,(anonymous_7)
FN:92,(anonymous_8)
FN:103,(anonymous_9)
FN:105,(anonymous_10)
FN:133,(anonymous_11)
FN:134,(anonymous_12)
FN:140,(anonymous_13)
FN:147,(anonymous_14)
FN:148,(anonymous_15)
FN:154,(anonymous_16)
FNF:17
FNH:0
FNDA:0,(anonymous_0)
FNDA:0,(anonymous_1)
FNDA:0,(anonymous_2)
FNDA:0,(anonymous_3)
FNDA:0,(anonymous_4)
FNDA:0,(anonymous_5)
FNDA:0,(anonymous_6)
FNDA:0,(anonymous_7)
FNDA:0,(anonymous_8)
FNDA:0,(anonymous_9)
FNDA:0,(anonymous_10)
FNDA:0,(anonymous_11)
FNDA:0,(anonymous_12)
FNDA:0,(anonymous_13)
FNDA:0,(anonymous_14)
FNDA:0,(anonymous_15)
FNDA:0,(anonymous_16)
DA:1,2
DA:2,2
DA:4,2
DA:10,0
DA:11,0
DA:12,0
DA:13,0
DA:14,0
DA:19,0
DA:20,0
DA:21,0
DA:23,0
DA:24,0
DA:25,0
DA:34,0
DA:35,0
DA:36,0
DA:38,0
DA:39,0
DA:40,0
DA:52,0
DA:54,0
DA:55,0
DA:62,0
DA:64,0
DA:65,0
DA:66,0
DA:68,0
DA:78,0
DA:81,0
DA:82,0
DA:84,0
DA:88,0
DA:89,0
DA:92,0
DA:93,0
DA:101,0
DA:103,0
DA:104,0
DA:105,0
DA:106,0
DA:107,0
DA:109,0
DA:110,0
DA:111,0
DA:112,0
DA:113,0
DA:114,0
DA:116,0
DA:117,0
DA:118,0
DA:119,0
DA:120,0
DA:122,0
DA:123,0
DA:127,0
DA:134,0
DA:135,0
DA:136,0
DA:137,0
DA:138,0
DA:140,0
DA:141,0
DA:142,0
DA:148,0
DA:149,0
DA:150,0
DA:151,0
DA:152,0
DA:154,0
DA:155,0
DA:156,0
DA:162,2
DA:163,2
LF:74
LH:5
BRDA:9,0,0,0
BRDA:13,1,0,0
BRDA:13,1,1,0
BRDA:24,2,0,0
BRDA:24,2,1,0
BRDA:39,3,0,0
BRDA:39,3,1,0
BRDA:52,4,0,0
BRDA:52,4,1,0
BRDA:52,4,2,0
BRDA:52,4,3,0
BRDA:52,4,4,0
BRDA:87,5,0,0
BRDA:88,6,0,0
BRDA:88,6,1,0
BRDA:106,7,0,0
BRDA:106,7,1,0
BRDA:122,8,0,0
BRDA:122,8,1,0
BRDA:133,9,0,0
BRDA:141,10,0,0
BRDA:141,10,1,0
BRDA:141,11,0,0
BRDA:141,11,1,0
BRDA:147,12,0,0
BRDA:155,13,0,0
BRDA:155,13,1,0
BRDA:155,14,0,0
BRDA:155,14,1,0
BRF:29
BRH:0
end_of_record
TN:
SF:src/common/services/SwaggerService.js
FN:8,(anonymous_0)
FN:22,(anonymous_1)
FN:25,(anonymous_2)
FN:95,(anonymous_3)
FN:98,(anonymous_4)
FN:107,(anonymous_5)
FNF:6
FNH:5
FNDA:1,(anonymous_0)
FNDA:1,(anonymous_1)
FNDA:21,(anonymous_2)
FNDA:2,(anonymous_3)
FNDA:0,(anonymous_4)
FNDA:21,(anonymous_5)
DA:1,1
DA:2,1
DA:4,1
DA:9,1
DA:23,1
DA:24,1
DA:25,1
DA:26,21
DA:28,21
DA:34,21
DA:43,21
DA:58,21
DA:74,21
DA:84,21
DA:96,2
DA:98,2
DA:99,0
DA:104,2
DA:108,21
DA:109,21
DA:110,21
DA:111,21
DA:112,21
DA:143,21
DA:383,1
LF:25
LH:24
BRDA:24,0,0,1
BRDA:24,0,1,0
BRDA:28,1,0,21
BRDA:28,1,1,2
BRDA:108,2,0,21
BRDA:108,2,1,0
BRDA:108,3,0,21
BRDA:108,3,1,21
BRF:8
BRH:6
end_of_record
TN:
SF:src/common/services/Utils.js
FN:13,(anonymous_0)
FN:19,(anonymous_1)
FN:20,(anonymous_2)
FN:22,(anonymous_3)
FN:31,(anonymous_4)
FN:38,(anonymous_5)
FN:46,(anonymous_6)
FN:51,(anonymous_7)
FN:65,(anonymous_8)
FN:74,(anonymous_9)
FN:82,(anonymous_10)
FN:93,(anonymous_11)
FN:106,(anonymous_12)
FN:138,(anonymous_13)
FN:160,(anonymous_14)
FN:182,(anonymous_15)
FN:197,(anonymous_16)
FN:198,(anonymous_17)
FN:211,(anonymous_18)
FN:212,(anonymous_19)
FN:259,(anonymous_20)
FN:264,(anonymous_21)
FN:276,(anonymous_22)
FN:305,(anonymous_23)
FN:319,(anonymous_24)
FN:344,(anonymous_25)
FN:357,(anonymous_26)
FN:361,(anonymous_27)
FN:369,(anonymous_28)
FN:373,(anonymous_29)
FN:377,(anonymous_30)
FN:395,(anonymous_31)
FN:396,(anonymous_32)
FN:404,(anonymous_33)
FN:412,(anonymous_34)
FN:425,(anonymous_35)
FN:437,(anonymous_36)
FNF:37
FNH:7
FNDA:0,(anonymous_0)
FNDA:0,(anonymous_1)
FNDA:0,(anonymous_2)
FNDA:0,(anonymous_3)
FNDA:0,(anonymous_4)
FNDA:0,(anonymous_5)
FNDA:0,(anonymous_6)
FNDA:1,(anonymous_7)
FNDA:1,(anonymous_8)
FNDA:0,(anonymous_9)
FNDA:0,(anonymous_10)
FNDA:0,(anonymous_11)
FNDA:0,(anonymous_12)
FNDA:0,(anonymous_13)
FNDA:0,(anonymous_14)
FNDA:2,(anonymous_15)
FNDA:0,(anonymous_16)
FNDA:0,(anonymous_17)
FNDA:0,(anonymous_18)
FNDA:0,(anonymous_19)
FNDA:0,(anonymous_20)
FNDA:0,(anonymous_21)
FNDA:2,(anonymous_22)
FNDA:0,(anonymous_23)
FNDA:0,(anonymous_24)
FNDA:0,(anonymous_25)
FNDA:2,(anonymous_26)
FNDA:8,(anonymous_27)
FNDA:0,(anonymous_28)
FNDA:0,(anonymous_29)
FNDA:4,(anonymous_30)
FNDA:0,(anonymous_31)
FNDA:0,(anonymous_32)
FNDA:0,(anonymous_33)
FNDA:0,(anonymous_34)
FNDA:0,(anonymous_35)
FNDA:0,(anonymous_36)
DA:2,2
DA:3,2
DA:4,2
DA:5,2
DA:10,2
DA:12,2
DA:14,0
DA:20,0
DA:23,0
DA:24,0
DA:25,0
DA:27,0
DA:31,0
DA:39,0
DA:40,0
DA:41,0
DA:43,0
DA:47,0
DA:48,0
DA:52,1
DA:53,1
DA:54,1
DA:56,0
DA:61,0
DA:66,1
DA:67,1
DA:68,0
DA:69,0
DA:71,1
DA:72,0
DA:74,0
DA:76,0
DA:79,1
DA:80,0
DA:82,0
DA:85,0
DA:87,0
DA:90,1
DA:91,0
DA:93,0
DA:95,0
DA:102,1
DA:103,1
DA:104,0
DA:106,0
DA:109,1
DA:112,0
DA:114,1
DA:139,0
DA:140,0
DA:145,0
DA:146,0
DA:147,0
DA:151,0
DA:153,0
DA:161,0
DA:162,0
DA:164,0
DA:191,2
DA:194,2
DA:195,0
DA:196,0
DA:197,0
DA:199,0
DA:200,0
DA:208,2
DA:209,0
DA:210,0
DA:211,0
DA:213,0
DA:214,0
DA:219,2
DA:220,0
DA:225,0
DA:230,2
DA:231,0
DA:232,0
DA:233,0
DA:234,0
DA:236,0
DA:239,0
DA:240,0
DA:241,0
DA:243,0
DA:247,2
DA:248,2
DA:249,0
DA:256,2
DA:260,0
DA:261,0
DA:262,0
DA:263,0
DA:264,0
DA:265,0
DA:268,0
DA:273,0
DA:283,2
DA:284,2
DA:285,2
DA:290,2
DA:291,2
DA:292,2
DA:293,2
DA:296,2
DA:306,0
DA:307,0
DA:308,0
DA:310,0
DA:316,0
DA:327,0
DA:328,0
DA:329,0
DA:331,0
DA:332,0
DA:333,0
DA:334,0
DA:337,0
DA:338,0
DA:339,0
DA:341,0
DA:343,0
DA:344,0
DA:345,0
DA:350,0
DA:358,2
DA:359,0
DA:361,2
DA:362,8
DA:363,8
DA:366,2
DA:370,0
DA:374,0
DA:378,4
DA:379,4
DA:380,4
DA:383,0
DA:384,0
DA:385,0
DA:386,0
DA:389,0
DA:392,0
DA:396,0
DA:397,0
DA:398,0
DA:401,0
DA:405,0
DA:406,0
DA:407,0
DA:409,0
DA:413,0
DA:414,0
DA:415,0
DA:416,0
DA:420,0
DA:422,0
DA:426,0
DA:427,0
DA:430,0
DA:431,0
DA:434,0
DA:436,0
DA:438,0
DA:440,0
DA:444,2
LF:164
LH:43
BRDA:38,0,0,0
BRDA:40,1,0,0
BRDA:40,1,1,0
BRDA:46,2,0,0
BRDA:59,3,0,0
BRDA:59,3,1,0
BRDA:66,4,0,1
BRDA:66,4,1,0
BRDA:67,5,0,0
BRDA:67,5,1,1
BRDA:71,6,0,0
BRDA:71,6,1,1
BRDA:72,7,0,0
BRDA:72,7,1,0
BRDA:72,8,0,0
BRDA:72,8,1,0
BRDA:79,9,0,0
BRDA:79,9,1,1
BRDA:80,10,0,0
BRDA:80,10,1,0
BRDA:80,11,0,0
BRDA:80,11,1,0
BRDA:85,12,0,0
BRDA:85,12,1,0
BRDA:90,13,0,0
BRDA:90,13,1,1
BRDA:91,14,0,0
BRDA:91,14,1,0
BRDA:91,15,0,0
BRDA:91,15,1,0
BRDA:95,16,0,0
BRDA:95,16,1,0
BRDA:95,17,0,0
BRDA:95,17,1,0
BRDA:96,18,0,0
BRDA:96,18,1,0
BRDA:102,19,0,1
BRDA:102,19,1,0
BRDA:102,20,0,1
BRDA:102,20,1,1
BRDA:103,21,0,0
BRDA:103,21,1,1
BRDA:106,22,0,0
BRDA:106,22,1,0
BRDA:114,23,0,1
BRDA:114,23,1,0
BRDA:114,24,0,1
BRDA:114,24,1,1
BRDA:115,25,0,1
BRDA:115,25,1,0
BRDA:139,26,0,0
BRDA:139,26,1,0
BRDA:145,27,0,0
BRDA:145,27,1,0
BRDA:145,28,0,0
BRDA:145,28,1,0
BRDA:161,29,0,0
BRDA:161,29,1,0
BRDA:161,30,0,0
BRDA:161,30,1,0
BRDA:161,30,2,0
BRDA:184,31,0,2
BRDA:194,32,0,0
BRDA:194,32,1,2
BRDA:194,33,0,2
BRDA:194,33,1,0
BRDA:199,34,0,0
BRDA:199,34,1,0
BRDA:208,35,0,0
BRDA:208,35,1,2
BRDA:208,36,0,2
BRDA:208,36,1,0
BRDA:213,37,0,0
BRDA:213,37,1,0
BRDA:219,38,0,0
BRDA:219,38,1,2
BRDA:219,39,0,2
BRDA:219,39,1,0
BRDA:220,40,0,0
BRDA:220,40,1,0
BRDA:222,41,0,0
BRDA:222,41,1,0
BRDA:230,42,0,0
BRDA:230,42,1,2
BRDA:230,43,0,2
BRDA:230,43,1,0
BRDA:232,44,0,0
BRDA:232,44,1,0
BRDA:232,45,0,0
BRDA:232,45,1,0
BRDA:232,45,2,0
BRDA:233,46,0,0
BRDA:233,46,1,0
BRDA:239,47,0,0
BRDA:239,47,1,0
BRDA:239,48,0,0
BRDA:239,48,1,0
BRDA:239,48,2,0
BRDA:240,49,0,0
BRDA:240,49,1,0
BRDA:247,50,0,2
BRDA:247,50,1,2
BRDA:248,51,0,0
BRDA:248,51,1,2
BRDA:259,52,0,0
BRDA:260,53,0,0
BRDA:260,53,1,0
BRDA:261,54,0,0
BRDA:261,54,1,0
BRDA:261,55,0,0
BRDA:261,55,1,0
BRDA:278,56,0,2
BRDA:283,57,0,1
BRDA:283,57,1,1
BRDA:284,58,0,0
BRDA:284,58,1,2
BRDA:285,59,0,1
BRDA:285,59,1,1
BRDA:287,60,0,0
BRDA:287,60,1,1
BRDA:292,61,0,2
BRDA:292,61,1,2
BRDA:294,62,0,2
BRDA:294,62,1,2
BRDA:294,63,0,2
BRDA:294,63,1,2
BRDA:305,64,0,0
BRDA:306,65,0,0
BRDA:306,65,1,0
BRDA:307,66,0,0
BRDA:307,66,1,0
BRDA:312,67,0,0
BRDA:312,67,1,0
BRDA:321,68,0,0
BRDA:322,69,0,0
BRDA:328,70,0,0
BRDA:328,70,1,0
BRDA:328,71,0,0
BRDA:328,71,1,0
BRDA:328,71,2,0
BRDA:331,72,0,0
BRDA:331,72,1,0
BRDA:333,73,0,0
BRDA:333,73,1,0
BRDA:337,74,0,0
BRDA:337,74,1,0
BRDA:343,75,0,0
BRDA:343,75,1,0
BRDA:358,76,0,0
BRDA:358,76,1,2
BRDA:362,77,0,8
BRDA:362,77,1,0
BRDA:377,78,0,4
BRDA:377,79,0,4
BRDA:377,80,0,4
BRDA:377,81,0,0
BRDA:379,82,0,4
BRDA:379,82,1,0
BRDA:379,83,0,4
BRDA:379,83,1,4
BRDA:379,83,2,4
BRDA:383,84,0,0
BRDA:383,84,1,0
BRDA:383,85,0,0
BRDA:383,85,1,0
BRDA:385,86,0,0
BRDA:385,86,1,0
BRDA:385,87,0,0
BRDA:385,87,1,0
BRDA:392,88,0,0
BRDA:392,88,1,0
BRDA:397,89,0,0
BRDA:397,89,1,0
BRDA:406,90,0,0
BRDA:406,90,1,0
BRDA:413,91,0,0
BRDA:413,91,1,0
BRDA:414,92,0,0
BRDA:414,92,1,0
BRDA:414,93,0,0
BRDA:414,93,1,0
BRDA:426,94,0,0
BRDA:426,94,1,0
BRDA:430,95,0,0
BRDA:430,95,1,0
BRDA:430,96,0,0
BRDA:430,96,1,0
BRDA:436,97,0,0
BRDA:436,97,1,0
BRF:189
BRH:47
end_of_record
TN:
SF:src/config/csrf.js
FNF:0
FNH:0
LF:0
LH:0
BRF:0
BRH:0
end_of_record
TN:
SF:src/config/default.js
FNF:0
FNH:0
DA:4,2
LF:1
LH:1
BRF:0
BRH:0
end_of_record
TN:
SF:src/config/errorCodes.js
FNF:0
FNH:0
DA:1,2
LF:1
LH:1
BRF:0
BRH:0
end_of_record
TN:
SF:src/config/framework.js
FNF:0
FNH:0
DA:1,2
LF:1
LH:1
BRF:0
BRH:0
end_of_record
TN:
SF:src/config/i18n.js
FNF:0
FNH:0
DA:17,2
LF:1
LH:1
BRF:0
BRH:0
end_of_record
TN:
SF:src/config/local.js
FNF:0
FNH:0
DA:4,2
LF:1
LH:1
BRDA:5,0,0,2
BRDA:5,0,1,0
BRDA:6,1,0,2
BRDA:6,1,1,0
BRDA:18,2,0,2
BRDA:18,2,1,2
BRDA:19,3,0,2
BRDA:19,3,1,0
BRDA:20,4,0,2
BRDA:20,4,1,2
BRDA:24,5,0,2
BRDA:24,5,1,0
BRF:12
BRH:8
end_of_record
TN:
SF:src/config/logger.js
FNF:0
FNH:0
DA:1,2
LF:1
LH:1
BRF:0
BRH:0
end_of_record
TN:
SF:src/config/policies.js
FNF:0
FNH:0
DA:19,2
LF:1
LH:1
BRF:0
BRH:0
end_of_record
TN:
SF:src/config/routes.js
FN:50,(anonymous_0)
FNF:1
FNH:0
FNDA:0,(anonymous_0)
DA:11,2
DA:50,0
LF:2
LH:1
BRDA:48,0,0,2
BRDA:48,0,1,0
BRF:2
BRH:1
end_of_record
TN:
SF:src/config/security.js
FNF:0
FNH:0
DA:4,2
LF:1
LH:1
BRF:0
BRH:0
end_of_record
TN:
SF:src/config/sockets.js
FNF:0
FNH:0
DA:13,2
LF:1
LH:1
BRF:0
BRH:0
end_of_record
TN:
SF:src/config/sqldb.js
FNF:0
FNH:0
DA:1,2
LF:1
LH:1
BRDA:11,0,0,2
BRDA:11,0,1,0
BRF:2
BRH:1
end_of_record
TN:
SF:src/config/swagger.js
FNF:0
FNH:0
DA:1,2
LF:1
LH:1
BRF:0
BRH:0
end_of_record
TN:
SF:src/config/views.js
FNF:0
FNH:0
DA:13,2
LF:1
LH:1
BRF:0
BRH:0
end_of_record
